
*** Running vivado
    with args -log seven_seg_out.vds -m64 -product Vivado -mode batch -messageDb vivado.pb -notrace -source seven_seg_out.tcl


ECHO is off.
ECHO is off.

****** Vivado v2023.2 (64-bit)
  **** SW Build 4029153 on Fri Oct 13 20:14:34 MDT 2023
  **** IP Build 4028589 on Sat Oct 14 00:45:43 MDT 2023
  **** SharedData Build 4025554 on Tue Oct 10 17:18:54 MDT 2023
    ** Copyright 1986-2022 Xilinx, Inc. All Rights Reserved.
    ** Copyright 2022-2023 Advanced Micro Devices, Inc. All Rights Reserved.

source seven_seg_out.tcl -notrace
create_project: Time (s): cpu = 00:00:08 ; elapsed = 00:00:11 . Memory (MB): peak = 455.578 ; gain = 186.227
Command: read_checkpoint -auto_incremental -incremental {C:/Users/kelly/OneDrive - Cal Poly Pomona/fall 2024/ece 3300L verilog lab/lab_1/lab_1.srcs/utils_1/imports/synth_1/seven_seg_out.dcp}
INFO: [Vivado 12-5825] Read reference checkpoint from C:/Users/kelly/OneDrive - Cal Poly Pomona/fall 2024/ece 3300L verilog lab/lab_1/lab_1.srcs/utils_1/imports/synth_1/seven_seg_out.dcp for incremental synthesis
INFO: [Vivado 12-7989] Please ensure there are no constraint changes
Command: synth_design -top seven_seg_out -part xc7a100tcsg324-1
Starting synth_design
Attempting to get a license for feature 'Synthesis' and/or device 'xc7a100t'
INFO: [Common 17-349] Got license for feature 'Synthesis' and/or device 'xc7a100t'
INFO: [Device 21-403] Loading part xc7a100tcsg324-1
INFO: [Designutils 20-5440] No compile time benefit to using incremental synthesis; A full resynthesis will be run
INFO: [Designutils 20-4379] Flow is switching to default flow due to incremental criteria not met. If you would like to alter this behaviour and have the flow terminate instead, please set the following parameter config_implementation {autoIncr.Synth.RejectBehavior Terminate}
INFO: [Synth 8-7079] Multithreading enabled for synth_design using a maximum of 2 processes.
INFO: [Synth 8-7078] Launching helper process for spawning children vivado processes
INFO: [Synth 8-7075] Helper process launched with PID 23724
---------------------------------------------------------------------------------
Starting RTL Elaboration : Time (s): cpu = 00:00:08 ; elapsed = 00:00:10 . Memory (MB): peak = 1308.949 ; gain = 440.785
---------------------------------------------------------------------------------
INFO: [Synth 8-6157] synthesizing module 'seven_seg_out' [C:/Users/kelly/OneDrive - Cal Poly Pomona/fall 2024/ece 3300L verilog lab/lab_1/lab_1.srcs/sources_1/new/seven_seg_out.v:3]
INFO: [Synth 8-6157] synthesizing module 'bin_to_leds' [C:/Users/kelly/OneDrive - Cal Poly Pomona/fall 2024/ece 3300L verilog lab/lab_1/lab_1.srcs/sources_1/new/bin_to_leds.v:3]
INFO: [Synth 8-6155] done synthesizing module 'bin_to_leds' (0#1) [C:/Users/kelly/OneDrive - Cal Poly Pomona/fall 2024/ece 3300L verilog lab/lab_1/lab_1.srcs/sources_1/new/bin_to_leds.v:3]
INFO: [Synth 8-6157] synthesizing module 'invert7' [C:/Users/kelly/OneDrive - Cal Poly Pomona/fall 2024/ece 3300L verilog lab/lab_1/lab_1.srcs/sources_1/new/invert7.v:3]
INFO: [Synth 8-6155] done synthesizing module 'invert7' (0#1) [C:/Users/kelly/OneDrive - Cal Poly Pomona/fall 2024/ece 3300L verilog lab/lab_1/lab_1.srcs/sources_1/new/invert7.v:3]
INFO: [Synth 8-6155] done synthesizing module 'seven_seg_out' (0#1) [C:/Users/kelly/OneDrive - Cal Poly Pomona/fall 2024/ece 3300L verilog lab/lab_1/lab_1.srcs/sources_1/new/seven_seg_out.v:3]
WARNING: [Synth 8-3917] design seven_seg_out has port enb_leds[7] driven by constant 1
WARNING: [Synth 8-3917] design seven_seg_out has port enb_leds[6] driven by constant 1
WARNING: [Synth 8-3917] design seven_seg_out has port enb_leds[5] driven by constant 1
WARNING: [Synth 8-3917] design seven_seg_out has port enb_leds[4] driven by constant 1
WARNING: [Synth 8-3917] design seven_seg_out has port enb_leds[3] driven by constant 1
WARNING: [Synth 8-3917] design seven_seg_out has port enb_leds[2] driven by constant 1
WARNING: [Synth 8-3917] design seven_seg_out has port enb_leds[1] driven by constant 1
WARNING: [Synth 8-3917] design seven_seg_out has port enb_leds[0] driven by constant 0
---------------------------------------------------------------------------------
Finished RTL Elaboration : Time (s): cpu = 00:00:10 ; elapsed = 00:00:13 . Memory (MB): peak = 1414.051 ; gain = 545.887
---------------------------------------------------------------------------------
---------------------------------------------------------------------------------
Start Handling Custom Attributes
---------------------------------------------------------------------------------
---------------------------------------------------------------------------------
Finished Handling Custom Attributes : Time (s): cpu = 00:00:10 ; elapsed = 00:00:13 . Memory (MB): peak = 1414.051 ; gain = 545.887
---------------------------------------------------------------------------------
---------------------------------------------------------------------------------
Finished RTL Optimization Phase 1 : Time (s): cpu = 00:00:10 ; elapsed = 00:00:13 . Memory (MB): peak = 1414.051 ; gain = 545.887
---------------------------------------------------------------------------------
Netlist sorting complete. Time (s): cpu = 00:00:00 ; elapsed = 00:00:00 . Memory (MB): peak = 1414.051 ; gain = 0.000
INFO: [Project 1-570] Preparing netlist for logic optimization

Processing XDC Constraints
Initializing timing engine
Parsing XDC File [D:/Users/kelly/Downloads/Nexys-A7-100T-Master.xdc]
Finished Parsing XDC File [D:/Users/kelly/Downloads/Nexys-A7-100T-Master.xdc]
INFO: [Project 1-236] Implementation specific constraints were found while reading constraint file [D:/Users/kelly/Downloads/Nexys-A7-100T-Master.xdc]. These constraints will be ignored for synthesis but will be used in implementation. Impacted constraints are listed in the file [.Xil/seven_seg_out_propImpl.xdc].
Resolution: To avoid this warning, move constraints listed in [.Xil/seven_seg_out_propImpl.xdc] to another XDC file and exclude this new file from synthesis with the used_in_synthesis property (File Properties dialog in GUI) and re-run elaboration/synthesis.
Completed Processing XDC Constraints

Netlist sorting complete. Time (s): cpu = 00:00:00 ; elapsed = 00:00:00 . Memory (MB): peak = 1430.301 ; gain = 0.000
INFO: [Project 1-111] Unisim Transformation Summary:
No Unisim elements were transformed.

Access is denied.
Constraint Validation Runtime : Time (s): cpu = 00:00:00 ; elapsed = 00:00:00.004 . Memory (MB): peak = 1430.301 ; gain = 0.000
INFO: [Designutils 20-5440] No compile time benefit to using incremental synthesis; A full resynthesis will be run
INFO: [Designutils 20-4379] Flow is switching to default flow due to incremental criteria not met. If you would like to alter this behaviour and have the flow terminate instead, please set the following parameter config_implementation {autoIncr.Synth.RejectBehavior Terminate}
---------------------------------------------------------------------------------
Finished Constraint Validation : Time (s): cpu = 00:00:21 ; elapsed = 00:00:26 . Memory (MB): peak = 1430.301 ; gain = 562.137
---------------------------------------------------------------------------------
---------------------------------------------------------------------------------
Start Loading Part and Timing Information
---------------------------------------------------------------------------------
Loading part: xc7a100tcsg324-1
---------------------------------------------------------------------------------
Finished Loading Part and Timing Information : Time (s): cpu = 00:00:21 ; elapsed = 00:00:26 . Memory (MB): peak = 1430.301 ; gain = 562.137
---------------------------------------------------------------------------------
---------------------------------------------------------------------------------
Start Applying 'set_property' XDC Constraints
---------------------------------------------------------------------------------
---------------------------------------------------------------------------------
Finished applying 'set_property' XDC Constraints : Time (s): cpu = 00:00:21 ; elapsed = 00:00:26 . Memory (MB): peak = 1430.301 ; gain = 562.137
---------------------------------------------------------------------------------
---------------------------------------------------------------------------------
Finished RTL Optimization Phase 2 : Time (s): cpu = 00:00:21 ; elapsed = 00:00:26 . Memory (MB): peak = 1430.301 ; gain = 562.137
---------------------------------------------------------------------------------
---------------------------------------------------------------------------------
Start RTL Component Statistics 
---------------------------------------------------------------------------------
Detailed RTL Component Info : 
---------------------------------------------------------------------------------
Finished RTL Component Statistics 
---------------------------------------------------------------------------------
---------------------------------------------------------------------------------
Start Part Resource Summary
---------------------------------------------------------------------------------
Part Resources:
DSPs: 240 (col length:80)
BRAMs: 270 (col length: RAMB18 80 RAMB36 40)
---------------------------------------------------------------------------------
Finished Part Resource Summary
---------------------------------------------------------------------------------
---------------------------------------------------------------------------------
Start Cross Boundary and Area Optimization
---------------------------------------------------------------------------------
WARNING: [Synth 8-7080] Parallel synthesis criteria is not met
WARNING: [Synth 8-3917] design seven_seg_out has port enb_leds[7] driven by constant 1
WARNING: [Synth 8-3917] design seven_seg_out has port enb_leds[6] driven by constant 1
WARNING: [Synth 8-3917] design seven_seg_out has port enb_leds[5] driven by constant 1
WARNING: [Synth 8-3917] design seven_seg_out has port enb_leds[4] driven by constant 1
WARNING: [Synth 8-3917] design seven_seg_out has port enb_leds[3] driven by constant 1
WARNING: [Synth 8-3917] design seven_seg_out has port enb_leds[2] driven by constant 1
WARNING: [Synth 8-3917] design seven_seg_out has port enb_leds[1] driven by constant 1
WARNING: [Synth 8-3917] design seven_seg_out has port enb_leds[0] driven by constant 0
---------------------------------------------------------------------------------
Finished Cross Boundary and Area Optimization : Time (s): cpu = 00:00:23 ; elapsed = 00:00:29 . Memory (MB): peak = 1430.301 ; gain = 562.137
---------------------------------------------------------------------------------
---------------------------------------------------------------------------------
Start Applying XDC Timing Constraints
---------------------------------------------------------------------------------
---------------------------------------------------------------------------------
Finished Applying XDC Timing Constraints : Time (s): cpu = 00:00:30 ; elapsed = 00:00:38 . Memory (MB): peak = 1430.301 ; gain = 562.137
---------------------------------------------------------------------------------
---------------------------------------------------------------------------------
Start Timing Optimization
---------------------------------------------------------------------------------
---------------------------------------------------------------------------------
Finished Timing Optimization : Time (s): cpu = 00:00:30 ; elapsed = 00:00:38 . Memory (MB): peak = 1430.301 ; gain = 562.137
---------------------------------------------------------------------------------
---------------------------------------------------------------------------------
Start Technology Mapping
---------------------------------------------------------------------------------
---------------------------------------------------------------------------------
Finished Technology Mapping : Time (s): cpu = 00:00:30 ; elapsed = 00:00:38 . Memory (MB): peak = 1430.301 ; gain = 562.137
---------------------------------------------------------------------------------
---------------------------------------------------------------------------------
Start IO Insertion
---------------------------------------------------------------------------------
---------------------------------------------------------------------------------
Start Flattening Before IO Insertion
---------------------------------------------------------------------------------
---------------------------------------------------------------------------------
Finished Flattening Before IO Insertion
---------------------------------------------------------------------------------
---------------------------------------------------------------------------------
Start Final Netlist Cleanup
---------------------------------------------------------------------------------
---------------------------------------------------------------------------------
Finished Final Netlist Cleanup
---------------------------------------------------------------------------------
---------------------------------------------------------------------------------
Finished IO Insertion : Time (s): cpu = 00:00:37 ; elapsed = 00:00:45 . Memory (MB): peak = 1431.855 ; gain = 563.691
---------------------------------------------------------------------------------
---------------------------------------------------------------------------------
Start Renaming Generated Instances
---------------------------------------------------------------------------------
---------------------------------------------------------------------------------
Finished Renaming Generated Instances : Time (s): cpu = 00:00:37 ; elapsed = 00:00:45 . Memory (MB): peak = 1431.855 ; gain = 563.691
---------------------------------------------------------------------------------
---------------------------------------------------------------------------------
Start Rebuilding User Hierarchy
---------------------------------------------------------------------------------
---------------------------------------------------------------------------------
Finished Rebuilding User Hierarchy : Time (s): cpu = 00:00:37 ; elapsed = 00:00:45 . Memory (MB): peak = 1431.855 ; gain = 563.691
---------------------------------------------------------------------------------
---------------------------------------------------------------------------------
Start Renaming Generated Ports
---------------------------------------------------------------------------------
---------------------------------------------------------------------------------
Finished Renaming Generated Ports : Time (s): cpu = 00:00:37 ; elapsed = 00:00:45 . Memory (MB): peak = 1431.855 ; gain = 563.691
---------------------------------------------------------------------------------
---------------------------------------------------------------------------------
Start Handling Custom Attributes
---------------------------------------------------------------------------------
---------------------------------------------------------------------------------
Finished Handling Custom Attributes : Time (s): cpu = 00:00:37 ; elapsed = 00:00:45 . Memory (MB): peak = 1431.855 ; gain = 563.691
---------------------------------------------------------------------------------
---------------------------------------------------------------------------------
Start Renaming Generated Nets
---------------------------------------------------------------------------------
---------------------------------------------------------------------------------
Finished Renaming Generated Nets : Time (s): cpu = 00:00:37 ; elapsed = 00:00:45 . Memory (MB): peak = 1431.855 ; gain = 563.691
---------------------------------------------------------------------------------
---------------------------------------------------------------------------------
Start Writing Synthesis Report
---------------------------------------------------------------------------------

Report BlackBoxes: 
+-+--------------+----------+
| |BlackBox name |Instances |
+-+--------------+----------+
+-+--------------+----------+

Report Cell Usage: 
+------+-----+------+
|      |Cell |Count |
+------+-----+------+
|1     |LUT4 |     7|
|2     |IBUF |     4|
|3     |OBUF |    15|
+------+-----+------+
---------------------------------------------------------------------------------
Finished Writing Synthesis Report : Time (s): cpu = 00:00:37 ; elapsed = 00:00:45 . Memory (MB): peak = 1431.855 ; gain = 563.691
---------------------------------------------------------------------------------
Synthesis finished with 0 errors, 0 critical warnings and 9 warnings.
Synthesis Optimization Runtime : Time (s): cpu = 00:00:24 ; elapsed = 00:00:42 . Memory (MB): peak = 1431.855 ; gain = 547.441
Synthesis Optimization Complete : Time (s): cpu = 00:00:37 ; elapsed = 00:00:45 . Memory (MB): peak = 1431.855 ; gain = 563.691
INFO: [Project 1-571] Translating synthesized netlist
Netlist sorting complete. Time (s): cpu = 00:00:00 ; elapsed = 00:00:00 . Memory (MB): peak = 1443.957 ; gain = 0.000
INFO: [Project 1-570] Preparing netlist for logic optimization
INFO: [Opt 31-138] Pushed 0 inverter(s) to 0 load pin(s).
Netlist sorting complete. Time (s): cpu = 00:00:00 ; elapsed = 00:00:00.001 . Memory (MB): peak = 1451.602 ; gain = 0.000
INFO: [Project 1-111] Unisim Transformation Summary:
No Unisim elements were transformed.

Access is denied.
Synth Design complete | Checksum: f79d816b
INFO: [Common 17-83] Releasing license: Synthesis
25 Infos, 17 Warnings, 0 Critical Warnings and 0 Errors encountered.
synth_design completed successfully
synth_design: Time (s): cpu = 00:00:43 ; elapsed = 00:00:55 . Memory (MB): peak = 1451.602 ; gain = 993.020
Write ShapeDB Complete: Time (s): cpu = 00:00:00 ; elapsed = 00:00:00.002 . Memory (MB): peak = 1451.602 ; gain = 0.000
INFO: [Common 17-1381] The checkpoint 'C:/Users/kelly/OneDrive - Cal Poly Pomona/fall 2024/ece 3300L verilog lab/lab_1/lab_1.runs/synth_1/seven_seg_out.dcp' has been generated.
INFO: [runtcl-4] Executing : report_utilization -file seven_seg_out_utilization_synth.rpt -pb seven_seg_out_utilization_synth.pb
INFO: [Common 17-206] Exiting Vivado at Mon Sep  9 20:52:45 2024...
