
*** Running vivado
    with args -log vending.vds -m64 -product Vivado -mode batch -messageDb vivado.pb -notrace -source vending.tcl


ECHO is off.
ECHO is off.

****** Vivado v2023.2 (64-bit)
  **** SW Build 4029153 on Fri Oct 13 20:14:34 MDT 2023
  **** IP Build 4028589 on Sat Oct 14 00:45:43 MDT 2023
  **** SharedData Build 4025554 on Tue Oct 10 17:18:54 MDT 2023
    ** Copyright 1986-2022 Xilinx, Inc. All Rights Reserved.
    ** Copyright 2022-2023 Advanced Micro Devices, Inc. All Rights Reserved.

source vending.tcl -notrace
create_project: Time (s): cpu = 00:00:09 ; elapsed = 00:00:10 . Memory (MB): peak = 454.090 ; gain = 184.090
Command: read_checkpoint -auto_incremental -incremental D:/GitHub/ece-3300L-verilog/lab_7/lab_7.srcs/utils_1/imports/synth_1/vending.dcp
INFO: [Vivado 12-5825] Read reference checkpoint from D:/GitHub/ece-3300L-verilog/lab_7/lab_7.srcs/utils_1/imports/synth_1/vending.dcp for incremental synthesis
INFO: [Vivado 12-7989] Please ensure there are no constraint changes
Command: synth_design -top vending -part xc7a100tcsg324-1
Starting synth_design
Attempting to get a license for feature 'Synthesis' and/or device 'xc7a100t'
INFO: [Common 17-349] Got license for feature 'Synthesis' and/or device 'xc7a100t'
INFO: [Device 21-403] Loading part xc7a100tcsg324-1
INFO: [Designutils 20-5440] No compile time benefit to using incremental synthesis; A full resynthesis will be run
INFO: [Designutils 20-4379] Flow is switching to default flow due to incremental criteria not met. If you would like to alter this behaviour and have the flow terminate instead, please set the following parameter config_implementation {autoIncr.Synth.RejectBehavior Terminate}
INFO: [Synth 8-7079] Multithreading enabled for synth_design using a maximum of 2 processes.
INFO: [Synth 8-7078] Launching helper process for spawning children vivado processes
INFO: [Synth 8-7075] Helper process launched with PID 21684
---------------------------------------------------------------------------------
Starting RTL Elaboration : Time (s): cpu = 00:00:08 ; elapsed = 00:00:09 . Memory (MB): peak = 1309.352 ; gain = 441.590
---------------------------------------------------------------------------------
INFO: [Synth 8-11241] undeclared symbol 'tx_done', assumed default net type 'wire' [D:/GitHub/ece-3300L-verilog/lab_7/lab_7.srcs/sources_1/new/vending.v:28]
INFO: [Synth 8-11241] undeclared symbol 'tx_ready', assumed default net type 'wire' [D:/GitHub/ece-3300L-verilog/lab_7/lab_7.srcs/sources_1/new/vending.v:28]
INFO: [Synth 8-6157] synthesizing module 'vending' [D:/GitHub/ece-3300L-verilog/lab_7/lab_7.srcs/sources_1/new/vending.v:3]
INFO: [Synth 8-6157] synthesizing module 'uart_rx_vlog' [D:/GitHub/ece-3300L-verilog/lab_6/lab_6.srcs/sources_1/new/uart_rx_vlog.v:23]
INFO: [Synth 8-6155] done synthesizing module 'uart_rx_vlog' (0#1) [D:/GitHub/ece-3300L-verilog/lab_6/lab_6.srcs/sources_1/new/uart_rx_vlog.v:23]
INFO: [Synth 8-6157] synthesizing module 'uart_tx_vlog' [D:/GitHub/ece-3300L-verilog/lab_6/lab_6.srcs/sources_1/new/uart_tx_vlog.v:22]
INFO: [Synth 8-6155] done synthesizing module 'uart_tx_vlog' (0#1) [D:/GitHub/ece-3300L-verilog/lab_6/lab_6.srcs/sources_1/new/uart_tx_vlog.v:22]
INFO: [Synth 8-6157] synthesizing module 'rx_parse' [D:/GitHub/ece-3300L-verilog/lab_7/lab_7.srcs/sources_1/new/rx_parse.v:3]
INFO: [Synth 8-226] default block is never used [D:/GitHub/ece-3300L-verilog/lab_7/lab_7.srcs/sources_1/new/rx_parse.v:25]
INFO: [Synth 8-6155] done synthesizing module 'rx_parse' (0#1) [D:/GitHub/ece-3300L-verilog/lab_7/lab_7.srcs/sources_1/new/rx_parse.v:3]
INFO: [Synth 8-6157] synthesizing module 'tx_parse' [D:/GitHub/ece-3300L-verilog/lab_7/lab_7.srcs/sources_1/new/tx_parse.v:3]
INFO: [Synth 8-6155] done synthesizing module 'tx_parse' (0#1) [D:/GitHub/ece-3300L-verilog/lab_7/lab_7.srcs/sources_1/new/tx_parse.v:3]
INFO: [Synth 8-6157] synthesizing module 'item_cost' [D:/GitHub/ece-3300L-verilog/lab_7/lab_7.srcs/sources_1/new/item_cost.v:3]
INFO: [Synth 8-226] default block is never used [D:/GitHub/ece-3300L-verilog/lab_7/lab_7.srcs/sources_1/new/item_cost.v:9]
INFO: [Synth 8-6155] done synthesizing module 'item_cost' (0#1) [D:/GitHub/ece-3300L-verilog/lab_7/lab_7.srcs/sources_1/new/item_cost.v:3]
INFO: [Synth 8-6157] synthesizing module 'bcd_to_ascii' [D:/GitHub/ece-3300L-verilog/lab_7/lab_7.srcs/sources_1/new/bcd_to_ascii.v:3]
INFO: [Synth 8-6155] done synthesizing module 'bcd_to_ascii' (0#1) [D:/GitHub/ece-3300L-verilog/lab_7/lab_7.srcs/sources_1/new/bcd_to_ascii.v:3]
INFO: [Synth 8-6157] synthesizing module 'master_fsm' [D:/GitHub/ece-3300L-verilog/lab_7/lab_7.srcs/sources_1/new/master_fsm.v:3]
INFO: [Synth 8-155] case statement is not full and has no default [D:/GitHub/ece-3300L-verilog/lab_7/lab_7.srcs/sources_1/new/master_fsm.v:39]
INFO: [Synth 8-6155] done synthesizing module 'master_fsm' (0#1) [D:/GitHub/ece-3300L-verilog/lab_7/lab_7.srcs/sources_1/new/master_fsm.v:3]
INFO: [Synth 8-6157] synthesizing module 'fsm_output' [D:/GitHub/ece-3300L-verilog/lab_7/lab_7.srcs/sources_1/new/fsm_output.v:3]
INFO: [Synth 8-6155] done synthesizing module 'fsm_output' (0#1) [D:/GitHub/ece-3300L-verilog/lab_7/lab_7.srcs/sources_1/new/fsm_output.v:3]
INFO: [Synth 8-6157] synthesizing module 'doubdab_8bits' [D:/GitHub/ece-3300L-verilog/lab_4/lab4_no_one_drive.srcs/sources_1/imports/ece 3300L verilog lab/lab_3/lab_3.srcs/sources_1/new/doubdab_8bits.v:3]
INFO: [Synth 8-6157] synthesizing module 'dd_add3' [D:/GitHub/ece-3300L-verilog/lab_4/lab4_no_one_drive.srcs/sources_1/imports/ece 3300L verilog lab/lab_3/lab_3.srcs/sources_1/new/dd_add3.v:3]
INFO: [Synth 8-6155] done synthesizing module 'dd_add3' (0#1) [D:/GitHub/ece-3300L-verilog/lab_4/lab4_no_one_drive.srcs/sources_1/imports/ece 3300L verilog lab/lab_3/lab_3.srcs/sources_1/new/dd_add3.v:3]
WARNING: [Synth 8-689] width (35) of port connection 'i' does not match port width (4) of module 'dd_add3' [D:/GitHub/ece-3300L-verilog/lab_4/lab4_no_one_drive.srcs/sources_1/imports/ece 3300L verilog lab/lab_3/lab_3.srcs/sources_1/new/doubdab_8bits.v:23]
INFO: [Synth 8-6155] done synthesizing module 'doubdab_8bits' (0#1) [D:/GitHub/ece-3300L-verilog/lab_4/lab4_no_one_drive.srcs/sources_1/imports/ece 3300L verilog lab/lab_3/lab_3.srcs/sources_1/new/doubdab_8bits.v:3]
INFO: [Synth 8-6157] synthesizing module 'count_3bit_select' [D:/GitHub/ece-3300L-verilog/lab_4/lab4_no_one_drive.srcs/sources_1/imports/ece 3300L verilog lab/lab_4/lab_4.srcs/sources_1/new/count_3bit_select.v:1]
INFO: [Synth 8-6155] done synthesizing module 'count_3bit_select' (0#1) [D:/GitHub/ece-3300L-verilog/lab_4/lab4_no_one_drive.srcs/sources_1/imports/ece 3300L verilog lab/lab_4/lab_4.srcs/sources_1/new/count_3bit_select.v:1]
INFO: [Synth 8-6157] synthesizing module 'decode_enb_leds' [D:/GitHub/ece-3300L-verilog/lab_4/lab4_no_one_drive.srcs/sources_1/imports/ece 3300L verilog lab/lab_3/lab_3.srcs/sources_1/new/decode_enb_leds.v:3]
INFO: [Synth 8-226] default block is never used [D:/GitHub/ece-3300L-verilog/lab_4/lab4_no_one_drive.srcs/sources_1/imports/ece 3300L verilog lab/lab_3/lab_3.srcs/sources_1/new/decode_enb_leds.v:14]
INFO: [Synth 8-6155] done synthesizing module 'decode_enb_leds' (0#1) [D:/GitHub/ece-3300L-verilog/lab_4/lab4_no_one_drive.srcs/sources_1/imports/ece 3300L verilog lab/lab_3/lab_3.srcs/sources_1/new/decode_enb_leds.v:3]
INFO: [Synth 8-6157] synthesizing module 'mux_4in_8to1' [D:/GitHub/ece-3300L-verilog/lab_4/lab4_no_one_drive.srcs/sources_1/imports/ece 3300L verilog lab/lab_3/lab_3.srcs/sources_1/new/mux_4in_8to1.v:3]
INFO: [Synth 8-226] default block is never used [D:/GitHub/ece-3300L-verilog/lab_4/lab4_no_one_drive.srcs/sources_1/imports/ece 3300L verilog lab/lab_3/lab_3.srcs/sources_1/new/mux_4in_8to1.v:11]
INFO: [Synth 8-6155] done synthesizing module 'mux_4in_8to1' (0#1) [D:/GitHub/ece-3300L-verilog/lab_4/lab4_no_one_drive.srcs/sources_1/imports/ece 3300L verilog lab/lab_3/lab_3.srcs/sources_1/new/mux_4in_8to1.v:3]
INFO: [Synth 8-6157] synthesizing module 'seven_seg_decoder' [D:/GitHub/ece-3300L-verilog/lab_4/lab4_no_one_drive.srcs/sources_1/imports/ece 3300L verilog lab/lab_3/lab_3.srcs/sources_1/new/seven_seg_decoder.v:3]
INFO: [Synth 8-6157] synthesizing module 'bin_to_leds' [D:/GitHub/ece-3300L-verilog/lab_4/lab4_no_one_drive.srcs/sources_1/imports/ece 3300L verilog lab/lab_1/lab_1.srcs/sources_1/new/bin_to_leds.v:3]
INFO: [Synth 8-6155] done synthesizing module 'bin_to_leds' (0#1) [D:/GitHub/ece-3300L-verilog/lab_4/lab4_no_one_drive.srcs/sources_1/imports/ece 3300L verilog lab/lab_1/lab_1.srcs/sources_1/new/bin_to_leds.v:3]
INFO: [Synth 8-6157] synthesizing module 'invert7' [D:/GitHub/ece-3300L-verilog/lab_4/lab4_no_one_drive.srcs/sources_1/imports/ece 3300L verilog lab/lab_1/lab_1.srcs/sources_1/new/invert7.v:3]
INFO: [Synth 8-6155] done synthesizing module 'invert7' (0#1) [D:/GitHub/ece-3300L-verilog/lab_4/lab4_no_one_drive.srcs/sources_1/imports/ece 3300L verilog lab/lab_1/lab_1.srcs/sources_1/new/invert7.v:3]
INFO: [Synth 8-6155] done synthesizing module 'seven_seg_decoder' (0#1) [D:/GitHub/ece-3300L-verilog/lab_4/lab4_no_one_drive.srcs/sources_1/imports/ece 3300L verilog lab/lab_3/lab_3.srcs/sources_1/new/seven_seg_decoder.v:3]
INFO: [Synth 8-6155] done synthesizing module 'vending' (0#1) [D:/GitHub/ece-3300L-verilog/lab_7/lab_7.srcs/sources_1/new/vending.v:3]
---------------------------------------------------------------------------------
Finished RTL Elaboration : Time (s): cpu = 00:00:11 ; elapsed = 00:00:12 . Memory (MB): peak = 1420.023 ; gain = 552.262
---------------------------------------------------------------------------------
---------------------------------------------------------------------------------
Start Handling Custom Attributes
---------------------------------------------------------------------------------
---------------------------------------------------------------------------------
Finished Handling Custom Attributes : Time (s): cpu = 00:00:11 ; elapsed = 00:00:12 . Memory (MB): peak = 1420.023 ; gain = 552.262
---------------------------------------------------------------------------------
---------------------------------------------------------------------------------
Finished RTL Optimization Phase 1 : Time (s): cpu = 00:00:11 ; elapsed = 00:00:12 . Memory (MB): peak = 1420.023 ; gain = 552.262
---------------------------------------------------------------------------------
Netlist sorting complete. Time (s): cpu = 00:00:00 ; elapsed = 00:00:00.008 . Memory (MB): peak = 1420.023 ; gain = 0.000
INFO: [Project 1-570] Preparing netlist for logic optimization

Processing XDC Constraints
Initializing timing engine
Parsing XDC File [D:/Users/kelly/Downloads/Nexys-A7-100T-Master.xdc]
Finished Parsing XDC File [D:/Users/kelly/Downloads/Nexys-A7-100T-Master.xdc]
INFO: [Project 1-236] Implementation specific constraints were found while reading constraint file [D:/Users/kelly/Downloads/Nexys-A7-100T-Master.xdc]. These constraints will be ignored for synthesis but will be used in implementation. Impacted constraints are listed in the file [.Xil/vending_propImpl.xdc].
Resolution: To avoid this warning, move constraints listed in [.Xil/vending_propImpl.xdc] to another XDC file and exclude this new file from synthesis with the used_in_synthesis property (File Properties dialog in GUI) and re-run elaboration/synthesis.
Completed Processing XDC Constraints

Netlist sorting complete. Time (s): cpu = 00:00:00 ; elapsed = 00:00:00 . Memory (MB): peak = 1450.352 ; gain = 0.000
INFO: [Project 1-111] Unisim Transformation Summary:
No Unisim elements were transformed.

The system cannot find the path specified.
Constraint Validation Runtime : Time (s): cpu = 00:00:00 ; elapsed = 00:00:00.005 . Memory (MB): peak = 1450.352 ; gain = 0.000
INFO: [Designutils 20-5440] No compile time benefit to using incremental synthesis; A full resynthesis will be run
INFO: [Designutils 20-4379] Flow is switching to default flow due to incremental criteria not met. If you would like to alter this behaviour and have the flow terminate instead, please set the following parameter config_implementation {autoIncr.Synth.RejectBehavior Terminate}
---------------------------------------------------------------------------------
Finished Constraint Validation : Time (s): cpu = 00:00:22 ; elapsed = 00:00:25 . Memory (MB): peak = 1450.352 ; gain = 582.590
---------------------------------------------------------------------------------
---------------------------------------------------------------------------------
Start Loading Part and Timing Information
---------------------------------------------------------------------------------
Loading part: xc7a100tcsg324-1
---------------------------------------------------------------------------------
Finished Loading Part and Timing Information : Time (s): cpu = 00:00:22 ; elapsed = 00:00:25 . Memory (MB): peak = 1450.352 ; gain = 582.590
---------------------------------------------------------------------------------
---------------------------------------------------------------------------------
Start Applying 'set_property' XDC Constraints
---------------------------------------------------------------------------------
---------------------------------------------------------------------------------
Finished applying 'set_property' XDC Constraints : Time (s): cpu = 00:00:22 ; elapsed = 00:00:25 . Memory (MB): peak = 1450.352 ; gain = 582.590
---------------------------------------------------------------------------------
INFO: [Synth 8-802] inferred FSM for state register 'r_SM_Main_reg' in module 'uart_tx_vlog'
INFO: [Synth 8-802] inferred FSM for state register 'fsm_state_reg' in module 'master_fsm'
---------------------------------------------------------------------------------------------------
                   State |                     New Encoding |                Previous Encoding 
---------------------------------------------------------------------------------------------------
                  s_IDLE |                              000 |                              000
          s_TX_START_BIT |                              001 |                              001
          s_TX_DATA_BITS |                              010 |                              010
           s_TX_STOP_BIT |                              011 |                              011
               s_CLEANUP |                              100 |                              100
---------------------------------------------------------------------------------------------------
INFO: [Synth 8-3354] encoded FSM with state register 'r_SM_Main_reg' using encoding 'sequential' in module 'uart_tx_vlog'
---------------------------------------------------------------------------------------------------
                   State |                     New Encoding |                Previous Encoding 
---------------------------------------------------------------------------------------------------
           WAITSELECTION |                              000 |                              000
             WAITPAYMENT |                              001 |                              001
              GOTQUARTER |                              010 |                              010
                 GOTDIME |                              011 |                              011
              DISPENSING |                              100 |                              100
            CHANGERETURN |                              101 |                              101
---------------------------------------------------------------------------------------------------
INFO: [Synth 8-3354] encoded FSM with state register 'fsm_state_reg' using encoding 'sequential' in module 'master_fsm'
---------------------------------------------------------------------------------
Finished RTL Optimization Phase 2 : Time (s): cpu = 00:00:22 ; elapsed = 00:00:25 . Memory (MB): peak = 1450.352 ; gain = 582.590
---------------------------------------------------------------------------------
---------------------------------------------------------------------------------
Start RTL Component Statistics 
---------------------------------------------------------------------------------
Detailed RTL Component Info : 
+---Adders : 
	   2 Input   14 Bit       Adders := 1     
	   2 Input    8 Bit       Adders := 4     
	   2 Input    3 Bit       Adders := 3     
+---Registers : 
	               48 Bit    Registers := 1     
	               14 Bit    Registers := 1     
	                8 Bit    Registers := 3     
	                3 Bit    Registers := 5     
	                1 Bit    Registers := 10    
+---Muxes : 
	   2 Input   48 Bit        Muxes := 2     
	   2 Input   14 Bit        Muxes := 1     
	   6 Input   14 Bit        Muxes := 1     
	   6 Input    8 Bit        Muxes := 2     
	   2 Input    8 Bit        Muxes := 3     
	   8 Input    8 Bit        Muxes := 2     
	   2 Input    3 Bit        Muxes := 13    
	   5 Input    3 Bit        Muxes := 1     
	   6 Input    3 Bit        Muxes := 2     
	   2 Input    2 Bit        Muxes := 1     
	   3 Input    2 Bit        Muxes := 1     
	   6 Input    1 Bit        Muxes := 4     
	   2 Input    1 Bit        Muxes := 12    
	   5 Input    1 Bit        Muxes := 10    
	   3 Input    1 Bit        Muxes := 1     
	   4 Input    1 Bit        Muxes := 1     
---------------------------------------------------------------------------------
Finished RTL Component Statistics 
---------------------------------------------------------------------------------
---------------------------------------------------------------------------------
Start Part Resource Summary
---------------------------------------------------------------------------------
Part Resources:
DSPs: 240 (col length:80)
BRAMs: 270 (col length: RAMB18 80 RAMB36 40)
---------------------------------------------------------------------------------
Finished Part Resource Summary
---------------------------------------------------------------------------------
---------------------------------------------------------------------------------
Start Cross Boundary and Area Optimization
---------------------------------------------------------------------------------
WARNING: [Synth 8-7080] Parallel synthesis criteria is not met
---------------------------------------------------------------------------------
Finished Cross Boundary and Area Optimization : Time (s): cpu = 00:00:27 ; elapsed = 00:00:31 . Memory (MB): peak = 1450.352 ; gain = 582.590
---------------------------------------------------------------------------------
---------------------------------------------------------------------------------
Start Applying XDC Timing Constraints
---------------------------------------------------------------------------------
---------------------------------------------------------------------------------
Finished Applying XDC Timing Constraints : Time (s): cpu = 00:00:34 ; elapsed = 00:00:39 . Memory (MB): peak = 1450.352 ; gain = 582.590
---------------------------------------------------------------------------------
---------------------------------------------------------------------------------
Start Timing Optimization
---------------------------------------------------------------------------------
---------------------------------------------------------------------------------
Finished Timing Optimization : Time (s): cpu = 00:00:35 ; elapsed = 00:00:40 . Memory (MB): peak = 1450.352 ; gain = 582.590
---------------------------------------------------------------------------------
---------------------------------------------------------------------------------
Start Technology Mapping
---------------------------------------------------------------------------------
---------------------------------------------------------------------------------
Finished Technology Mapping : Time (s): cpu = 00:00:36 ; elapsed = 00:00:40 . Memory (MB): peak = 1450.352 ; gain = 582.590
---------------------------------------------------------------------------------
---------------------------------------------------------------------------------
Start IO Insertion
---------------------------------------------------------------------------------
---------------------------------------------------------------------------------
Start Flattening Before IO Insertion
---------------------------------------------------------------------------------
---------------------------------------------------------------------------------
Finished Flattening Before IO Insertion
---------------------------------------------------------------------------------
---------------------------------------------------------------------------------
Start Final Netlist Cleanup
---------------------------------------------------------------------------------
---------------------------------------------------------------------------------
Finished Final Netlist Cleanup
---------------------------------------------------------------------------------
---------------------------------------------------------------------------------
Finished IO Insertion : Time (s): cpu = 00:00:42 ; elapsed = 00:00:48 . Memory (MB): peak = 1450.352 ; gain = 582.590
---------------------------------------------------------------------------------
---------------------------------------------------------------------------------
Start Renaming Generated Instances
---------------------------------------------------------------------------------
---------------------------------------------------------------------------------
Finished Renaming Generated Instances : Time (s): cpu = 00:00:42 ; elapsed = 00:00:48 . Memory (MB): peak = 1450.352 ; gain = 582.590
---------------------------------------------------------------------------------
---------------------------------------------------------------------------------
Start Rebuilding User Hierarchy
---------------------------------------------------------------------------------
---------------------------------------------------------------------------------
Finished Rebuilding User Hierarchy : Time (s): cpu = 00:00:42 ; elapsed = 00:00:48 . Memory (MB): peak = 1450.352 ; gain = 582.590
---------------------------------------------------------------------------------
---------------------------------------------------------------------------------
Start Renaming Generated Ports
---------------------------------------------------------------------------------
---------------------------------------------------------------------------------
Finished Renaming Generated Ports : Time (s): cpu = 00:00:42 ; elapsed = 00:00:48 . Memory (MB): peak = 1450.352 ; gain = 582.590
---------------------------------------------------------------------------------
---------------------------------------------------------------------------------
Start Handling Custom Attributes
---------------------------------------------------------------------------------
---------------------------------------------------------------------------------
Finished Handling Custom Attributes : Time (s): cpu = 00:00:42 ; elapsed = 00:00:48 . Memory (MB): peak = 1450.352 ; gain = 582.590
---------------------------------------------------------------------------------
---------------------------------------------------------------------------------
Start Renaming Generated Nets
---------------------------------------------------------------------------------
---------------------------------------------------------------------------------
Finished Renaming Generated Nets : Time (s): cpu = 00:00:42 ; elapsed = 00:00:48 . Memory (MB): peak = 1450.352 ; gain = 582.590
---------------------------------------------------------------------------------
---------------------------------------------------------------------------------
Start Writing Synthesis Report
---------------------------------------------------------------------------------

Report BlackBoxes: 
+-+--------------+----------+
| |BlackBox name |Instances |
+-+--------------+----------+
+-+--------------+----------+

Report Cell Usage: 
+------+-------+------+
|      |Cell   |Count |
+------+-------+------+
|1     |BUFG   |     1|
|2     |CARRY4 |    17|
|3     |LUT1   |     2|
|4     |LUT2   |    25|
|5     |LUT3   |    30|
|6     |LUT4   |    27|
|7     |LUT5   |    51|
|8     |LUT6   |    73|
|9     |FDCE   |    36|
|10    |FDRE   |    77|
|11    |IBUF   |     3|
|12    |OBUF   |    19|
+------+-------+------+
---------------------------------------------------------------------------------
Finished Writing Synthesis Report : Time (s): cpu = 00:00:42 ; elapsed = 00:00:48 . Memory (MB): peak = 1450.352 ; gain = 582.590
---------------------------------------------------------------------------------
Synthesis finished with 0 errors, 0 critical warnings and 1 warnings.
Synthesis Optimization Runtime : Time (s): cpu = 00:00:30 ; elapsed = 00:00:45 . Memory (MB): peak = 1450.352 ; gain = 552.262
Synthesis Optimization Complete : Time (s): cpu = 00:00:43 ; elapsed = 00:00:48 . Memory (MB): peak = 1450.352 ; gain = 582.590
INFO: [Project 1-571] Translating synthesized netlist
Netlist sorting complete. Time (s): cpu = 00:00:00 ; elapsed = 00:00:00.005 . Memory (MB): peak = 1451.957 ; gain = 0.000
INFO: [Netlist 29-17] Analyzing 17 Unisim elements for replacement
INFO: [Netlist 29-28] Unisim Transformation completed in 0 CPU seconds
INFO: [Project 1-570] Preparing netlist for logic optimization
INFO: [Opt 31-138] Pushed 0 inverter(s) to 0 load pin(s).
Netlist sorting complete. Time (s): cpu = 00:00:00 ; elapsed = 00:00:00.001 . Memory (MB): peak = 1459.617 ; gain = 0.000
INFO: [Project 1-111] Unisim Transformation Summary:
No Unisim elements were transformed.

The system cannot find the path specified.
Synth Design complete | Checksum: 6060b3b5
INFO: [Common 17-83] Releasing license: Synthesis
66 Infos, 2 Warnings, 0 Critical Warnings and 0 Errors encountered.
synth_design completed successfully
synth_design: Time (s): cpu = 00:00:48 ; elapsed = 00:00:56 . Memory (MB): peak = 1459.617 ; gain = 1001.594
Write ShapeDB Complete: Time (s): cpu = 00:00:00 ; elapsed = 00:00:00.002 . Memory (MB): peak = 1459.617 ; gain = 0.000
INFO: [Common 17-1381] The checkpoint 'D:/GitHub/ece-3300L-verilog/lab_7/lab_7.runs/synth_1/vending.dcp' has been generated.
INFO: [runtcl-4] Executing : report_utilization -file vending_utilization_synth.rpt -pb vending_utilization_synth.pb
INFO: [Common 17-206] Exiting Vivado at Mon Nov  4 20:07:38 2024...
