
*** Running vivado
    with args -log combo_lock.vds -m64 -product Vivado -mode batch -messageDb vivado.pb -notrace -source combo_lock.tcl


ECHO is off.
ECHO is off.

****** Vivado v2023.2 (64-bit)
  **** SW Build 4029153 on Fri Oct 13 20:14:34 MDT 2023
  **** IP Build 4028589 on Sat Oct 14 00:45:43 MDT 2023
  **** SharedData Build 4025554 on Tue Oct 10 17:18:54 MDT 2023
    ** Copyright 1986-2022 Xilinx, Inc. All Rights Reserved.
    ** Copyright 2022-2023 Advanced Micro Devices, Inc. All Rights Reserved.

source combo_lock.tcl -notrace
create_project: Time (s): cpu = 00:00:14 ; elapsed = 00:00:16 . Memory (MB): peak = 454.539 ; gain = 185.027
Command: read_checkpoint -auto_incremental -incremental D:/GitHub/ece-3300L-verilog/lab_5/lab_5.srcs/utils_1/imports/synth_1/combo_lock.dcp
INFO: [Vivado 12-5825] Read reference checkpoint from D:/GitHub/ece-3300L-verilog/lab_5/lab_5.srcs/utils_1/imports/synth_1/combo_lock.dcp for incremental synthesis
INFO: [Vivado 12-7989] Please ensure there are no constraint changes
Command: synth_design -top combo_lock -part xc7a100tcsg324-1
Starting synth_design
Attempting to get a license for feature 'Synthesis' and/or device 'xc7a100t'
INFO: [Common 17-349] Got license for feature 'Synthesis' and/or device 'xc7a100t'
INFO: [Device 21-403] Loading part xc7a100tcsg324-1
INFO: [Designutils 20-5440] No compile time benefit to using incremental synthesis; A full resynthesis will be run
INFO: [Designutils 20-4379] Flow is switching to default flow due to incremental criteria not met. If you would like to alter this behaviour and have the flow terminate instead, please set the following parameter config_implementation {autoIncr.Synth.RejectBehavior Terminate}
INFO: [Synth 8-7079] Multithreading enabled for synth_design using a maximum of 2 processes.
INFO: [Synth 8-7078] Launching helper process for spawning children vivado processes
INFO: [Synth 8-7075] Helper process launched with PID 30308
---------------------------------------------------------------------------------
Starting RTL Elaboration : Time (s): cpu = 00:00:12 ; elapsed = 00:00:14 . Memory (MB): peak = 1307.918 ; gain = 440.082
---------------------------------------------------------------------------------
INFO: [Synth 8-11241] undeclared symbol 'left_press', assumed default net type 'wire' [D:/GitHub/ece-3300L-verilog/lab_5/lab_5.srcs/sources_1/imports/Downloads/combo_lock.v:31]
INFO: [Synth 8-6157] synthesizing module 'combo_lock' [D:/GitHub/ece-3300L-verilog/lab_5/lab_5.srcs/sources_1/imports/Downloads/combo_lock.v:3]
INFO: [Synth 8-6157] synthesizing module 'button_pulse' [D:/GitHub/ece-3300L-verilog/lab_5/lab_5.srcs/sources_1/imports/Downloads/button_pulse.v:3]
INFO: [Synth 8-6155] done synthesizing module 'button_pulse' (0#1) [D:/GitHub/ece-3300L-verilog/lab_5/lab_5.srcs/sources_1/imports/Downloads/button_pulse.v:3]
INFO: [Synth 8-6157] synthesizing module 'master_fsm' [D:/GitHub/ece-3300L-verilog/lab_5/lab_5.srcs/sources_1/imports/Downloads/master_fsm.v:3]
INFO: [Synth 8-6155] done synthesizing module 'master_fsm' (0#1) [D:/GitHub/ece-3300L-verilog/lab_5/lab_5.srcs/sources_1/imports/Downloads/master_fsm.v:3]
INFO: [Synth 8-6157] synthesizing module 'fsm_outputs' [D:/GitHub/ece-3300L-verilog/lab_5/lab_5.srcs/sources_1/imports/Downloads/fsm_outputs.v:3]
INFO: [Synth 8-6155] done synthesizing module 'fsm_outputs' (0#1) [D:/GitHub/ece-3300L-verilog/lab_5/lab_5.srcs/sources_1/imports/Downloads/fsm_outputs.v:3]
INFO: [Synth 8-6157] synthesizing module 'store_combo' [D:/GitHub/ece-3300L-verilog/lab_5/lab_5.srcs/sources_1/imports/Downloads/store_combo.v:3]
INFO: [Synth 8-6155] done synthesizing module 'store_combo' (0#1) [D:/GitHub/ece-3300L-verilog/lab_5/lab_5.srcs/sources_1/imports/Downloads/store_combo.v:3]
INFO: [Synth 8-6157] synthesizing module 'led_color_rygb' [D:/GitHub/ece-3300L-verilog/lab_5/lab_5.srcs/sources_1/imports/Downloads/led_color_rygb.v:3]
INFO: [Synth 8-6157] synthesizing module 'pwm_counter' [D:/GitHub/ece-3300L-verilog/lab_5/lab_5.srcs/sources_1/imports/Downloads/pwm_counter.v:3]
INFO: [Synth 8-6155] done synthesizing module 'pwm_counter' (0#1) [D:/GitHub/ece-3300L-verilog/lab_5/lab_5.srcs/sources_1/imports/Downloads/pwm_counter.v:3]
INFO: [Synth 8-6157] synthesizing module 'pwm_gen' [D:/GitHub/ece-3300L-verilog/lab_5/lab_5.srcs/sources_1/imports/Downloads/pwm_gen.v:6]
	Parameter PWM_PERCENT bound to: 12 - type: integer 
INFO: [Synth 8-6155] done synthesizing module 'pwm_gen' (0#1) [D:/GitHub/ece-3300L-verilog/lab_5/lab_5.srcs/sources_1/imports/Downloads/pwm_gen.v:6]
INFO: [Synth 8-6157] synthesizing module 'pwm_gen__parameterized0' [D:/GitHub/ece-3300L-verilog/lab_5/lab_5.srcs/sources_1/imports/Downloads/pwm_gen.v:6]
	Parameter PWM_PERCENT bound to: 25 - type: integer 
INFO: [Synth 8-6155] done synthesizing module 'pwm_gen__parameterized0' (0#1) [D:/GitHub/ece-3300L-verilog/lab_5/lab_5.srcs/sources_1/imports/Downloads/pwm_gen.v:6]
INFO: [Synth 8-6155] done synthesizing module 'led_color_rygb' (0#1) [D:/GitHub/ece-3300L-verilog/lab_5/lab_5.srcs/sources_1/imports/Downloads/led_color_rygb.v:3]
INFO: [Synth 8-6155] done synthesizing module 'combo_lock' (0#1) [D:/GitHub/ece-3300L-verilog/lab_5/lab_5.srcs/sources_1/imports/Downloads/combo_lock.v:3]
---------------------------------------------------------------------------------
Finished RTL Elaboration : Time (s): cpu = 00:00:16 ; elapsed = 00:00:19 . Memory (MB): peak = 1415.730 ; gain = 547.895
---------------------------------------------------------------------------------
---------------------------------------------------------------------------------
Start Handling Custom Attributes
---------------------------------------------------------------------------------
---------------------------------------------------------------------------------
Finished Handling Custom Attributes : Time (s): cpu = 00:00:16 ; elapsed = 00:00:19 . Memory (MB): peak = 1415.730 ; gain = 547.895
---------------------------------------------------------------------------------
---------------------------------------------------------------------------------
Finished RTL Optimization Phase 1 : Time (s): cpu = 00:00:16 ; elapsed = 00:00:19 . Memory (MB): peak = 1415.730 ; gain = 547.895
---------------------------------------------------------------------------------
Netlist sorting complete. Time (s): cpu = 00:00:00 ; elapsed = 00:00:00.002 . Memory (MB): peak = 1415.730 ; gain = 0.000
INFO: [Project 1-570] Preparing netlist for logic optimization

Processing XDC Constraints
Initializing timing engine
Parsing XDC File [D:/Users/kelly/Downloads/Nexys-A7-100T-Master.xdc]
Finished Parsing XDC File [D:/Users/kelly/Downloads/Nexys-A7-100T-Master.xdc]
INFO: [Project 1-236] Implementation specific constraints were found while reading constraint file [D:/Users/kelly/Downloads/Nexys-A7-100T-Master.xdc]. These constraints will be ignored for synthesis but will be used in implementation. Impacted constraints are listed in the file [.Xil/combo_lock_propImpl.xdc].
Resolution: To avoid this warning, move constraints listed in [.Xil/combo_lock_propImpl.xdc] to another XDC file and exclude this new file from synthesis with the used_in_synthesis property (File Properties dialog in GUI) and re-run elaboration/synthesis.
Completed Processing XDC Constraints

Netlist sorting complete. Time (s): cpu = 00:00:00 ; elapsed = 00:00:00.001 . Memory (MB): peak = 1507.844 ; gain = 0.000
INFO: [Project 1-111] Unisim Transformation Summary:
No Unisim elements were transformed.

The system cannot find the path specified.
Constraint Validation Runtime : Time (s): cpu = 00:00:00 ; elapsed = 00:00:00.008 . Memory (MB): peak = 1507.844 ; gain = 0.000
INFO: [Designutils 20-5440] No compile time benefit to using incremental synthesis; A full resynthesis will be run
INFO: [Designutils 20-4379] Flow is switching to default flow due to incremental criteria not met. If you would like to alter this behaviour and have the flow terminate instead, please set the following parameter config_implementation {autoIncr.Synth.RejectBehavior Terminate}
---------------------------------------------------------------------------------
Finished Constraint Validation : Time (s): cpu = 00:00:33 ; elapsed = 00:00:39 . Memory (MB): peak = 1507.844 ; gain = 640.008
---------------------------------------------------------------------------------
---------------------------------------------------------------------------------
Start Loading Part and Timing Information
---------------------------------------------------------------------------------
Loading part: xc7a100tcsg324-1
---------------------------------------------------------------------------------
Finished Loading Part and Timing Information : Time (s): cpu = 00:00:33 ; elapsed = 00:00:39 . Memory (MB): peak = 1507.844 ; gain = 640.008
---------------------------------------------------------------------------------
---------------------------------------------------------------------------------
Start Applying 'set_property' XDC Constraints
---------------------------------------------------------------------------------
---------------------------------------------------------------------------------
Finished applying 'set_property' XDC Constraints : Time (s): cpu = 00:00:34 ; elapsed = 00:00:39 . Memory (MB): peak = 1507.844 ; gain = 640.008
---------------------------------------------------------------------------------
INFO: [Synth 8-802] inferred FSM for state register 'state_reg' in module 'master_fsm'
---------------------------------------------------------------------------------------------------
                   State |                     New Encoding |                Previous Encoding 
---------------------------------------------------------------------------------------------------
                    IDLE |                   00000000000001 |                             0000
            PROGRAM_MODE |                   00000000000010 |                             1001
                 ONE_SET |                   00000000000100 |                             1010
                 TWO_SET |                   00000000001000 |                             1011
               THREE_SET |                   00000000010000 |                             1100
                FOUR_SET |                   00000000100000 |                             1101
             ONE_CORRECT |                   00000001000000 |                             0001
             TWO_CORRECT |                   00000010000000 |                             0010
           THREE_CORRECT |                   00000100000000 |                             0011
            FOUR_CORRECT |                   00001000000000 |                             0100
               ONE_WRONG |                   00010000000000 |                             0101
               TWO_WRONG |                   00100000000000 |                             0110
             THREE_WRONG |                   01000000000000 |                             0111
              FOUR_WRONG |                   10000000000000 |                             1000
---------------------------------------------------------------------------------------------------
INFO: [Synth 8-3354] encoded FSM with state register 'state_reg' using encoding 'one-hot' in module 'master_fsm'
WARNING: [Synth 8-327] inferring latch for variable 'location_reg' [D:/GitHub/ece-3300L-verilog/lab_5/lab_5.srcs/sources_1/imports/Downloads/fsm_outputs.v:45]
---------------------------------------------------------------------------------
Finished RTL Optimization Phase 2 : Time (s): cpu = 00:00:34 ; elapsed = 00:00:40 . Memory (MB): peak = 1507.844 ; gain = 640.008
---------------------------------------------------------------------------------
---------------------------------------------------------------------------------
Start RTL Component Statistics 
---------------------------------------------------------------------------------
Detailed RTL Component Info : 
+---Registers : 
	                4 Bit    Registers := 4     
	                3 Bit    Registers := 5     
+---Muxes : 
	  14 Input   14 Bit        Muxes := 1     
	   2 Input   14 Bit        Muxes := 15    
	  14 Input    4 Bit        Muxes := 1     
	  14 Input    2 Bit        Muxes := 2     
	   2 Input    1 Bit        Muxes := 2     
	  14 Input    1 Bit        Muxes := 3     
	   4 Input    1 Bit        Muxes := 7     
---------------------------------------------------------------------------------
Finished RTL Component Statistics 
---------------------------------------------------------------------------------
---------------------------------------------------------------------------------
Start Part Resource Summary
---------------------------------------------------------------------------------
Part Resources:
DSPs: 240 (col length:80)
BRAMs: 270 (col length: RAMB18 80 RAMB36 40)
---------------------------------------------------------------------------------
Finished Part Resource Summary
---------------------------------------------------------------------------------
---------------------------------------------------------------------------------
Start Cross Boundary and Area Optimization
---------------------------------------------------------------------------------
WARNING: [Synth 8-7080] Parallel synthesis criteria is not met
---------------------------------------------------------------------------------
Finished Cross Boundary and Area Optimization : Time (s): cpu = 00:00:38 ; elapsed = 00:00:45 . Memory (MB): peak = 1507.844 ; gain = 640.008
---------------------------------------------------------------------------------
---------------------------------------------------------------------------------
Start Applying XDC Timing Constraints
---------------------------------------------------------------------------------
---------------------------------------------------------------------------------
Finished Applying XDC Timing Constraints : Time (s): cpu = 00:00:49 ; elapsed = 00:00:57 . Memory (MB): peak = 1507.844 ; gain = 640.008
---------------------------------------------------------------------------------
---------------------------------------------------------------------------------
Start Timing Optimization
---------------------------------------------------------------------------------
---------------------------------------------------------------------------------
Finished Timing Optimization : Time (s): cpu = 00:00:50 ; elapsed = 00:00:58 . Memory (MB): peak = 1507.844 ; gain = 640.008
---------------------------------------------------------------------------------
---------------------------------------------------------------------------------
Start Technology Mapping
---------------------------------------------------------------------------------
---------------------------------------------------------------------------------
Finished Technology Mapping : Time (s): cpu = 00:00:50 ; elapsed = 00:00:59 . Memory (MB): peak = 1507.844 ; gain = 640.008
---------------------------------------------------------------------------------
---------------------------------------------------------------------------------
Start IO Insertion
---------------------------------------------------------------------------------
---------------------------------------------------------------------------------
Start Flattening Before IO Insertion
---------------------------------------------------------------------------------
---------------------------------------------------------------------------------
Finished Flattening Before IO Insertion
---------------------------------------------------------------------------------
---------------------------------------------------------------------------------
Start Final Netlist Cleanup
---------------------------------------------------------------------------------
---------------------------------------------------------------------------------
Finished Final Netlist Cleanup
---------------------------------------------------------------------------------
---------------------------------------------------------------------------------
Finished IO Insertion : Time (s): cpu = 00:01:00 ; elapsed = 00:01:10 . Memory (MB): peak = 1507.844 ; gain = 640.008
---------------------------------------------------------------------------------
---------------------------------------------------------------------------------
Start Renaming Generated Instances
---------------------------------------------------------------------------------
---------------------------------------------------------------------------------
Finished Renaming Generated Instances : Time (s): cpu = 00:01:00 ; elapsed = 00:01:10 . Memory (MB): peak = 1507.844 ; gain = 640.008
---------------------------------------------------------------------------------
---------------------------------------------------------------------------------
Start Rebuilding User Hierarchy
---------------------------------------------------------------------------------
---------------------------------------------------------------------------------
Finished Rebuilding User Hierarchy : Time (s): cpu = 00:01:00 ; elapsed = 00:01:10 . Memory (MB): peak = 1507.844 ; gain = 640.008
---------------------------------------------------------------------------------
---------------------------------------------------------------------------------
Start Renaming Generated Ports
---------------------------------------------------------------------------------
---------------------------------------------------------------------------------
Finished Renaming Generated Ports : Time (s): cpu = 00:01:00 ; elapsed = 00:01:10 . Memory (MB): peak = 1507.844 ; gain = 640.008
---------------------------------------------------------------------------------
---------------------------------------------------------------------------------
Start Handling Custom Attributes
---------------------------------------------------------------------------------
---------------------------------------------------------------------------------
Finished Handling Custom Attributes : Time (s): cpu = 00:01:00 ; elapsed = 00:01:10 . Memory (MB): peak = 1507.844 ; gain = 640.008
---------------------------------------------------------------------------------
---------------------------------------------------------------------------------
Start Renaming Generated Nets
---------------------------------------------------------------------------------
---------------------------------------------------------------------------------
Finished Renaming Generated Nets : Time (s): cpu = 00:01:00 ; elapsed = 00:01:10 . Memory (MB): peak = 1507.844 ; gain = 640.008
---------------------------------------------------------------------------------
---------------------------------------------------------------------------------
Start Writing Synthesis Report
---------------------------------------------------------------------------------

Report BlackBoxes: 
+-+--------------+----------+
| |BlackBox name |Instances |
+-+--------------+----------+
+-+--------------+----------+

Report Cell Usage: 
+------+-------+------+
|      |Cell   |Count |
+------+-------+------+
|1     |BUFG   |     1|
|2     |CARRY4 |     3|
|3     |LUT1   |     1|
|4     |LUT2   |    13|
|5     |LUT3   |     7|
|6     |LUT4   |    18|
|7     |LUT5   |     4|
|8     |LUT6   |    25|
|9     |FDRE   |    57|
|10    |LD     |     2|
|11    |IBUF   |     7|
|12    |OBUF   |     7|
+------+-------+------+
---------------------------------------------------------------------------------
Finished Writing Synthesis Report : Time (s): cpu = 00:01:00 ; elapsed = 00:01:10 . Memory (MB): peak = 1507.844 ; gain = 640.008
---------------------------------------------------------------------------------
Synthesis finished with 0 errors, 0 critical warnings and 2 warnings.
Synthesis Optimization Runtime : Time (s): cpu = 00:00:41 ; elapsed = 00:01:05 . Memory (MB): peak = 1507.844 ; gain = 547.895
Synthesis Optimization Complete : Time (s): cpu = 00:01:01 ; elapsed = 00:01:10 . Memory (MB): peak = 1507.844 ; gain = 640.008
INFO: [Project 1-571] Translating synthesized netlist
Netlist sorting complete. Time (s): cpu = 00:00:00 ; elapsed = 00:00:00.003 . Memory (MB): peak = 1507.844 ; gain = 0.000
INFO: [Netlist 29-17] Analyzing 5 Unisim elements for replacement
INFO: [Netlist 29-28] Unisim Transformation completed in 0 CPU seconds
INFO: [Project 1-570] Preparing netlist for logic optimization
INFO: [Opt 31-138] Pushed 0 inverter(s) to 0 load pin(s).
Netlist sorting complete. Time (s): cpu = 00:00:00 ; elapsed = 00:00:00.001 . Memory (MB): peak = 1507.844 ; gain = 0.000
INFO: [Project 1-111] Unisim Transformation Summary:
  A total of 2 instances were transformed.
  LD => LDCE: 2 instances

The system cannot find the path specified.
Synth Design complete | Checksum: d20590bc
INFO: [Common 17-83] Releasing license: Synthesis
42 Infos, 2 Warnings, 0 Critical Warnings and 0 Errors encountered.
synth_design completed successfully
synth_design: Time (s): cpu = 00:01:11 ; elapsed = 00:01:24 . Memory (MB): peak = 1507.844 ; gain = 1049.324
Write ShapeDB Complete: Time (s): cpu = 00:00:00 ; elapsed = 00:00:00.002 . Memory (MB): peak = 1507.844 ; gain = 0.000
INFO: [Common 17-1381] The checkpoint 'D:/GitHub/ece-3300L-verilog/lab_5/lab_5.runs/synth_1/combo_lock.dcp' has been generated.
INFO: [runtcl-4] Executing : report_utilization -file combo_lock_utilization_synth.rpt -pb combo_lock_utilization_synth.pb
INFO: [Common 17-206] Exiting Vivado at Mon Oct  7 20:17:20 2024...
