
*** Running vivado
    with args -log calc_7seg.vdi -applog -m64 -product Vivado -messageDb vivado.pb -mode batch -source calc_7seg.tcl -notrace


ECHO is off.
ECHO is off.

****** Vivado v2023.2 (64-bit)
  **** SW Build 4029153 on Fri Oct 13 20:14:34 MDT 2023
  **** IP Build 4028589 on Sat Oct 14 00:45:43 MDT 2023
  **** SharedData Build 4025554 on Tue Oct 10 17:18:54 MDT 2023
    ** Copyright 1986-2022 Xilinx, Inc. All Rights Reserved.
    ** Copyright 2022-2023 Advanced Micro Devices, Inc. All Rights Reserved.

source calc_7seg.tcl -notrace
create_project: Time (s): cpu = 00:00:08 ; elapsed = 00:00:10 . Memory (MB): peak = 455.113 ; gain = 186.219
Command: link_design -top calc_7seg -part xc7a100tcsg324-1
Design is defaulting to srcset: sources_1
Design is defaulting to constrset: constrs_1
INFO: [Device 21-403] Loading part xc7a100tcsg324-1
Netlist sorting complete. Time (s): cpu = 00:00:00 ; elapsed = 00:00:00.001 . Memory (MB): peak = 867.965 ; gain = 0.000
INFO: [Netlist 29-17] Analyzing 5 Unisim elements for replacement
INFO: [Netlist 29-28] Unisim Transformation completed in 0 CPU seconds
INFO: [Project 1-479] Netlist was created with Vivado 2023.2
INFO: [Project 1-570] Preparing netlist for logic optimization
Parsing XDC File [D:/Users/kelly/Downloads/Nexys-A7-100T-Master.xdc]
Finished Parsing XDC File [D:/Users/kelly/Downloads/Nexys-A7-100T-Master.xdc]
INFO: [Opt 31-138] Pushed 0 inverter(s) to 0 load pin(s).
Netlist sorting complete. Time (s): cpu = 00:00:00 ; elapsed = 00:00:00.001 . Memory (MB): peak = 1000.824 ; gain = 0.000
INFO: [Project 1-111] Unisim Transformation Summary:
No Unisim elements were transformed.

Access is denied.
7 Infos, 0 Warnings, 0 Critical Warnings and 0 Errors encountered.
link_design completed successfully
link_design: Time (s): cpu = 00:00:07 ; elapsed = 00:00:11 . Memory (MB): peak = 1004.840 ; gain = 549.727
Command: opt_design
Attempting to get a license for feature 'Implementation' and/or device 'xc7a100t'
INFO: [Common 17-349] Got license for feature 'Implementation' and/or device 'xc7a100t'
Running DRC as a precondition to command opt_design

Starting DRC Task
INFO: [DRC 23-27] Running DRC with 2 threads
INFO: [Project 1-461] DRC finished with 0 Errors
INFO: [Project 1-462] Please refer to the DRC report (report_drc) for more information.

Time (s): cpu = 00:00:02 ; elapsed = 00:00:02 . Memory (MB): peak = 1025.387 ; gain = 20.547

Starting Cache Timing Information Task
INFO: [Timing 38-35] Done setting XDC timing constraints.
Ending Cache Timing Information Task | Checksum: 19f9c939f

Time (s): cpu = 00:00:10 ; elapsed = 00:00:12 . Memory (MB): peak = 1568.719 ; gain = 543.332

Starting Logic Optimization Task

Phase 1 Initialization

Phase 1.1 Core Generation And Design Setup
Phase 1.1 Core Generation And Design Setup | Checksum: 19f9c939f

Time (s): cpu = 00:00:00 ; elapsed = 00:00:00.020 . Memory (MB): peak = 1934.547 ; gain = 0.000

Phase 1.2 Setup Constraints And Sort Netlist
Phase 1.2 Setup Constraints And Sort Netlist | Checksum: 19f9c939f

Time (s): cpu = 00:00:00 ; elapsed = 00:00:00.021 . Memory (MB): peak = 1934.547 ; gain = 0.000
Phase 1 Initialization | Checksum: 19f9c939f

Time (s): cpu = 00:00:00 ; elapsed = 00:00:00.022 . Memory (MB): peak = 1934.547 ; gain = 0.000

Phase 2 Timer Update And Timing Data Collection

Phase 2.1 Timer Update
Phase 2.1 Timer Update | Checksum: 19f9c939f

Time (s): cpu = 00:00:00 ; elapsed = 00:00:00.031 . Memory (MB): peak = 1934.547 ; gain = 0.000

Phase 2.2 Timing Data Collection
Phase 2.2 Timing Data Collection | Checksum: 19f9c939f

Time (s): cpu = 00:00:00 ; elapsed = 00:00:00.048 . Memory (MB): peak = 1934.547 ; gain = 0.000
Phase 2 Timer Update And Timing Data Collection | Checksum: 19f9c939f

Time (s): cpu = 00:00:00 ; elapsed = 00:00:00.048 . Memory (MB): peak = 1934.547 ; gain = 0.000

Phase 3 Retarget
INFO: [Opt 31-138] Pushed 0 inverter(s) to 0 load pin(s).
INFO: [Opt 31-49] Retargeted 0 cell(s).
Phase 3 Retarget | Checksum: 19f9c939f

Time (s): cpu = 00:00:00 ; elapsed = 00:00:00.054 . Memory (MB): peak = 1934.547 ; gain = 0.000
Retarget | Checksum: 19f9c939f
INFO: [Opt 31-389] Phase Retarget created 0 cells and removed 0 cells

Phase 4 Constant propagation
INFO: [Opt 31-138] Pushed 0 inverter(s) to 0 load pin(s).
Phase 4 Constant propagation | Checksum: 19f9c939f

Time (s): cpu = 00:00:00 ; elapsed = 00:00:00.057 . Memory (MB): peak = 1934.547 ; gain = 0.000
Constant propagation | Checksum: 19f9c939f
INFO: [Opt 31-389] Phase Constant propagation created 0 cells and removed 0 cells

Phase 5 Sweep
Phase 5 Sweep | Checksum: 12e08bf49

Time (s): cpu = 00:00:00 ; elapsed = 00:00:00.073 . Memory (MB): peak = 1934.547 ; gain = 0.000
Sweep | Checksum: 12e08bf49
INFO: [Opt 31-389] Phase Sweep created 0 cells and removed 0 cells

Phase 6 BUFG optimization
Phase 6 BUFG optimization | Checksum: 12e08bf49

Time (s): cpu = 00:00:00 ; elapsed = 00:00:00.171 . Memory (MB): peak = 1934.547 ; gain = 0.000
BUFG optimization | Checksum: 12e08bf49
INFO: [Opt 31-662] Phase BUFG optimization created 0 cells of which 0 are BUFGs and removed 0 cells.

Phase 7 Shift Register Optimization
INFO: [Opt 31-1064] SRL Remap converted 0 SRLs to 0 registers and converted 0 registers of register chains to 0 SRLs
Phase 7 Shift Register Optimization | Checksum: 12e08bf49

Time (s): cpu = 00:00:00 ; elapsed = 00:00:00.173 . Memory (MB): peak = 1934.547 ; gain = 0.000
Shift Register Optimization | Checksum: 12e08bf49
INFO: [Opt 31-389] Phase Shift Register Optimization created 0 cells and removed 0 cells

Phase 8 Post Processing Netlist
Phase 8 Post Processing Netlist | Checksum: 12e08bf49

Time (s): cpu = 00:00:00 ; elapsed = 00:00:00.175 . Memory (MB): peak = 1934.547 ; gain = 0.000
Post Processing Netlist | Checksum: 12e08bf49
INFO: [Opt 31-389] Phase Post Processing Netlist created 0 cells and removed 0 cells

Phase 9 Finalization

Phase 9.1 Finalizing Design Cores and Updating Shapes
Phase 9.1 Finalizing Design Cores and Updating Shapes | Checksum: 16e56578e

Time (s): cpu = 00:00:00 ; elapsed = 00:00:00.182 . Memory (MB): peak = 1934.547 ; gain = 0.000

Phase 9.2 Verifying Netlist Connectivity

Starting Connectivity Check Task

Time (s): cpu = 00:00:00 ; elapsed = 00:00:00 . Memory (MB): peak = 1934.547 ; gain = 0.000
Phase 9.2 Verifying Netlist Connectivity | Checksum: 16e56578e

Time (s): cpu = 00:00:00 ; elapsed = 00:00:00.183 . Memory (MB): peak = 1934.547 ; gain = 0.000
Phase 9 Finalization | Checksum: 16e56578e

Time (s): cpu = 00:00:00 ; elapsed = 00:00:00.183 . Memory (MB): peak = 1934.547 ; gain = 0.000
Opt_design Change Summary
=========================


-------------------------------------------------------------------------------------------------------------------------
|  Phase                        |  #Cells created  |  #Cells Removed  |  #Constrained objects preventing optimizations  |
-------------------------------------------------------------------------------------------------------------------------
|  Retarget                     |               0  |               0  |                                              0  |
|  Constant propagation         |               0  |               0  |                                              0  |
|  Sweep                        |               0  |               0  |                                              0  |
|  BUFG optimization            |               0  |               0  |                                              0  |
|  Shift Register Optimization  |               0  |               0  |                                              0  |
|  Post Processing Netlist      |               0  |               0  |                                              0  |
-------------------------------------------------------------------------------------------------------------------------


Ending Logic Optimization Task | Checksum: 16e56578e

Time (s): cpu = 00:00:00 ; elapsed = 00:00:00.185 . Memory (MB): peak = 1934.547 ; gain = 0.000
INFO: [Constraints 18-11670] Building netlist checker database with flags, 0x8
Done building netlist checker database: Time (s): cpu = 00:00:00 ; elapsed = 00:00:00 . Memory (MB): peak = 1934.547 ; gain = 0.000

Starting Power Optimization Task
INFO: [Pwropt 34-132] Skipping clock gating for clocks with a period < 2.00 ns.
Ending Power Optimization Task | Checksum: 16e56578e

Time (s): cpu = 00:00:00 ; elapsed = 00:00:00.027 . Memory (MB): peak = 1934.547 ; gain = 0.000

Starting Final Cleanup Task
Ending Final Cleanup Task | Checksum: 16e56578e

Time (s): cpu = 00:00:00 ; elapsed = 00:00:00 . Memory (MB): peak = 1934.547 ; gain = 0.000

Starting Netlist Obfuscation Task
Netlist sorting complete. Time (s): cpu = 00:00:00 ; elapsed = 00:00:00 . Memory (MB): peak = 1934.547 ; gain = 0.000
Ending Netlist Obfuscation Task | Checksum: 16e56578e

Time (s): cpu = 00:00:00 ; elapsed = 00:00:00.001 . Memory (MB): peak = 1934.547 ; gain = 0.000
INFO: [Common 17-83] Releasing license: Implementation
25 Infos, 0 Warnings, 0 Critical Warnings and 0 Errors encountered.
opt_design completed successfully
opt_design: Time (s): cpu = 00:00:16 ; elapsed = 00:00:19 . Memory (MB): peak = 1934.547 ; gain = 929.707
INFO: [runtcl-4] Executing : report_drc -file calc_7seg_drc_opted.rpt -pb calc_7seg_drc_opted.pb -rpx calc_7seg_drc_opted.rpx
Command: report_drc -file calc_7seg_drc_opted.rpt -pb calc_7seg_drc_opted.pb -rpx calc_7seg_drc_opted.rpx
INFO: [IP_Flow 19-234] Refreshing IP repositories
INFO: [IP_Flow 19-1704] No user IP repositories specified
INFO: [IP_Flow 19-2313] Loaded Vivado IP repository 'D:/Xilinx/Vivado/2023.2/data/ip'.
INFO: [DRC 23-27] Running DRC with 2 threads
INFO: [Vivado_Tcl 2-168] The results of DRC are in file C:/Users/kelly/OneDrive - Cal Poly Pomona/fall 2024/ece 3300L verilog lab/lab_3/lab_3.runs/impl_1/calc_7seg_drc_opted.rpt.
report_drc completed successfully
INFO: [Timing 38-480] Writing timing data to binary archive.
Write ShapeDB Complete: Time (s): cpu = 00:00:00 ; elapsed = 00:00:00.004 . Memory (MB): peak = 1934.547 ; gain = 0.000
Wrote PlaceDB: Time (s): cpu = 00:00:00 ; elapsed = 00:00:00.002 . Memory (MB): peak = 1934.547 ; gain = 0.000
Wrote PulsedLatchDB: Time (s): cpu = 00:00:00 ; elapsed = 00:00:00 . Memory (MB): peak = 1934.547 ; gain = 0.000
Writing XDEF routing.
Writing XDEF routing logical nets.
Writing XDEF routing special nets.
Wrote RouteStorage: Time (s): cpu = 00:00:01 ; elapsed = 00:00:00.039 . Memory (MB): peak = 1934.547 ; gain = 0.000
Wrote Netlist Cache: Time (s): cpu = 00:00:00 ; elapsed = 00:00:00.001 . Memory (MB): peak = 1934.547 ; gain = 0.000
Wrote Device Cache: Time (s): cpu = 00:00:00 ; elapsed = 00:00:00.014 . Memory (MB): peak = 1934.547 ; gain = 0.000
Write Physdb Complete: Time (s): cpu = 00:00:01 ; elapsed = 00:00:00.082 . Memory (MB): peak = 1934.547 ; gain = 0.000
INFO: [Common 17-1381] The checkpoint 'C:/Users/kelly/OneDrive - Cal Poly Pomona/fall 2024/ece 3300L verilog lab/lab_3/lab_3.runs/impl_1/calc_7seg_opt.dcp' has been generated.
Command: place_design
Attempting to get a license for feature 'Implementation' and/or device 'xc7a100t'
INFO: [Common 17-349] Got license for feature 'Implementation' and/or device 'xc7a100t'
INFO: [Common 17-83] Releasing license: Implementation
INFO: [DRC 23-27] Running DRC with 2 threads
INFO: [Vivado_Tcl 4-198] DRC finished with 0 Errors
INFO: [Vivado_Tcl 4-199] Please refer to the DRC report (report_drc) for more information.
Running DRC as a precondition to command place_design
INFO: [DRC 23-27] Running DRC with 2 threads
INFO: [Vivado_Tcl 4-198] DRC finished with 0 Errors
INFO: [Vivado_Tcl 4-199] Please refer to the DRC report (report_drc) for more information.
INFO: [Place 30-611] Multithreading enabled for place_design using a maximum of 2 CPUs

Starting Placer Task

Phase 1 Placer Initialization

Phase 1.1 Placer Initialization Netlist Sorting
Netlist sorting complete. Time (s): cpu = 00:00:00 ; elapsed = 00:00:00 . Memory (MB): peak = 1934.547 ; gain = 0.000
Phase 1.1 Placer Initialization Netlist Sorting | Checksum: 156b18944

Time (s): cpu = 00:00:00 ; elapsed = 00:00:00.002 . Memory (MB): peak = 1934.547 ; gain = 0.000
Netlist sorting complete. Time (s): cpu = 00:00:00 ; elapsed = 00:00:00 . Memory (MB): peak = 1934.547 ; gain = 0.000

Phase 1.2 IO Placement/ Clock Placement/ Build Placer Device
INFO: [Timing 38-35] Done setting XDC timing constraints.
Phase 1.2 IO Placement/ Clock Placement/ Build Placer Device | Checksum: ad43d339

Time (s): cpu = 00:00:00 ; elapsed = 00:00:00.663 . Memory (MB): peak = 1934.547 ; gain = 0.000

Phase 1.3 Build Placer Netlist Model
WARNING: [Place 30-2953] Timing driven mode will be turned off because no critical terminals were found.
Phase 1.3 Build Placer Netlist Model | Checksum: dd30c9a8

Time (s): cpu = 00:00:00 ; elapsed = 00:00:01 . Memory (MB): peak = 1934.547 ; gain = 0.000

Phase 1.4 Constrain Clocks/Macros
Phase 1.4 Constrain Clocks/Macros | Checksum: dd30c9a8

Time (s): cpu = 00:00:00 ; elapsed = 00:00:01 . Memory (MB): peak = 1934.547 ; gain = 0.000
Phase 1 Placer Initialization | Checksum: dd30c9a8

Time (s): cpu = 00:00:00 ; elapsed = 00:00:01 . Memory (MB): peak = 1934.547 ; gain = 0.000

Phase 2 Global Placement

Phase 2.1 Floorplanning
Phase 2.1 Floorplanning | Checksum: dd30c9a8

Time (s): cpu = 00:00:00 ; elapsed = 00:00:01 . Memory (MB): peak = 1934.547 ; gain = 0.000

Phase 2.2 Update Timing before SLR Path Opt
Phase 2.2 Update Timing before SLR Path Opt | Checksum: dd30c9a8

Time (s): cpu = 00:00:00 ; elapsed = 00:00:01 . Memory (MB): peak = 1934.547 ; gain = 0.000

Phase 2.3 Post-Processing in Floorplanning
Phase 2.3 Post-Processing in Floorplanning | Checksum: dd30c9a8

Time (s): cpu = 00:00:00 ; elapsed = 00:00:01 . Memory (MB): peak = 1934.547 ; gain = 0.000

Phase 2.4 Global Placement Core
WARNING: [Place 46-29] Timing had been disabled during Placer and, therefore, physical synthesis in Placer will be skipped.
Phase 2.4 Global Placement Core | Checksum: cef8d0da

Time (s): cpu = 00:00:01 ; elapsed = 00:00:02 . Memory (MB): peak = 1934.547 ; gain = 0.000
Phase 2 Global Placement | Checksum: cef8d0da

Time (s): cpu = 00:00:01 ; elapsed = 00:00:02 . Memory (MB): peak = 1934.547 ; gain = 0.000

Phase 3 Detail Placement

Phase 3.1 Commit Multi Column Macros
Phase 3.1 Commit Multi Column Macros | Checksum: cef8d0da

Time (s): cpu = 00:00:01 ; elapsed = 00:00:02 . Memory (MB): peak = 1934.547 ; gain = 0.000

Phase 3.2 Commit Most Macros & LUTRAMs
Phase 3.2 Commit Most Macros & LUTRAMs | Checksum: 1f273d6cf

Time (s): cpu = 00:00:01 ; elapsed = 00:00:02 . Memory (MB): peak = 1934.547 ; gain = 0.000

Phase 3.3 Area Swap Optimization
Phase 3.3 Area Swap Optimization | Checksum: 1b300ad4e

Time (s): cpu = 00:00:01 ; elapsed = 00:00:02 . Memory (MB): peak = 1934.547 ; gain = 0.000

Phase 3.4 Pipeline Register Optimization
Phase 3.4 Pipeline Register Optimization | Checksum: 1b300ad4e

Time (s): cpu = 00:00:01 ; elapsed = 00:00:02 . Memory (MB): peak = 1934.547 ; gain = 0.000

Phase 3.5 Small Shape Detail Placement
Phase 3.5 Small Shape Detail Placement | Checksum: 1b99959b1

Time (s): cpu = 00:00:01 ; elapsed = 00:00:03 . Memory (MB): peak = 1934.547 ; gain = 0.000

Phase 3.6 Re-assign LUT pins
Phase 3.6 Re-assign LUT pins | Checksum: 123ce7952

Time (s): cpu = 00:00:01 ; elapsed = 00:00:03 . Memory (MB): peak = 1934.547 ; gain = 0.000

Phase 3.7 Pipeline Register Optimization
Phase 3.7 Pipeline Register Optimization | Checksum: 123ce7952

Time (s): cpu = 00:00:01 ; elapsed = 00:00:03 . Memory (MB): peak = 1934.547 ; gain = 0.000
Phase 3 Detail Placement | Checksum: 123ce7952

Time (s): cpu = 00:00:01 ; elapsed = 00:00:03 . Memory (MB): peak = 1934.547 ; gain = 0.000

Phase 4 Post Placement Optimization and Clean-Up

Phase 4.1 Post Commit Optimization
Phase 4.1 Post Commit Optimization | Checksum: 123ce7952

Time (s): cpu = 00:00:01 ; elapsed = 00:00:03 . Memory (MB): peak = 1934.547 ; gain = 0.000

Phase 4.2 Post Placement Cleanup
Phase 4.2 Post Placement Cleanup | Checksum: 123ce7952

Time (s): cpu = 00:00:01 ; elapsed = 00:00:03 . Memory (MB): peak = 1934.547 ; gain = 0.000

Phase 4.3 Placer Reporting

Phase 4.3.1 Print Estimated Congestion
INFO: [Place 30-612] Post-Placement Estimated Congestion 
 ____________________________________________________
|           | Global Congestion | Short Congestion  |
| Direction | Region Size       | Region Size       |
|___________|___________________|___________________|
|      North|                1x1|                1x1|
|___________|___________________|___________________|
|      South|                1x1|                1x1|
|___________|___________________|___________________|
|       East|                1x1|                1x1|
|___________|___________________|___________________|
|       West|                1x1|                1x1|
|___________|___________________|___________________|

Phase 4.3.1 Print Estimated Congestion | Checksum: 123ce7952

Time (s): cpu = 00:00:01 ; elapsed = 00:00:03 . Memory (MB): peak = 1934.547 ; gain = 0.000
Phase 4.3 Placer Reporting | Checksum: 123ce7952

Time (s): cpu = 00:00:01 ; elapsed = 00:00:03 . Memory (MB): peak = 1934.547 ; gain = 0.000

Phase 4.4 Final Placement Cleanup
Netlist sorting complete. Time (s): cpu = 00:00:00 ; elapsed = 00:00:00 . Memory (MB): peak = 1934.547 ; gain = 0.000

Time (s): cpu = 00:00:01 ; elapsed = 00:00:03 . Memory (MB): peak = 1934.547 ; gain = 0.000
Phase 4 Post Placement Optimization and Clean-Up | Checksum: 123ce7952

Time (s): cpu = 00:00:01 ; elapsed = 00:00:03 . Memory (MB): peak = 1934.547 ; gain = 0.000
Ending Placer Task | Checksum: da9476dc

Time (s): cpu = 00:00:01 ; elapsed = 00:00:03 . Memory (MB): peak = 1934.547 ; gain = 0.000
44 Infos, 2 Warnings, 0 Critical Warnings and 0 Errors encountered.
place_design completed successfully
INFO: [runtcl-4] Executing : report_io -file calc_7seg_io_placed.rpt
report_io: Time (s): cpu = 00:00:00 ; elapsed = 00:00:00.095 . Memory (MB): peak = 1934.547 ; gain = 0.000
INFO: [runtcl-4] Executing : report_utilization -file calc_7seg_utilization_placed.rpt -pb calc_7seg_utilization_placed.pb
INFO: [runtcl-4] Executing : report_control_sets -verbose -file calc_7seg_control_sets_placed.rpt
report_control_sets: Time (s): cpu = 00:00:00 ; elapsed = 00:00:00.003 . Memory (MB): peak = 1934.547 ; gain = 0.000
INFO: [Timing 38-480] Writing timing data to binary archive.
Write ShapeDB Complete: Time (s): cpu = 00:00:00 ; elapsed = 00:00:00.003 . Memory (MB): peak = 1934.547 ; gain = 0.000
Wrote PlaceDB: Time (s): cpu = 00:00:00 ; elapsed = 00:00:00.017 . Memory (MB): peak = 1934.547 ; gain = 0.000
Wrote PulsedLatchDB: Time (s): cpu = 00:00:00 ; elapsed = 00:00:00 . Memory (MB): peak = 1934.547 ; gain = 0.000
Writing XDEF routing.
Writing XDEF routing logical nets.
Writing XDEF routing special nets.
Wrote RouteStorage: Time (s): cpu = 00:00:00 ; elapsed = 00:00:00.041 . Memory (MB): peak = 1934.547 ; gain = 0.000
Wrote Netlist Cache: Time (s): cpu = 00:00:00 ; elapsed = 00:00:00 . Memory (MB): peak = 1934.547 ; gain = 0.000
Wrote Device Cache: Time (s): cpu = 00:00:00 ; elapsed = 00:00:00.015 . Memory (MB): peak = 1934.547 ; gain = 0.000
Write Physdb Complete: Time (s): cpu = 00:00:00 ; elapsed = 00:00:00.092 . Memory (MB): peak = 1934.547 ; gain = 0.000
INFO: [Common 17-1381] The checkpoint 'C:/Users/kelly/OneDrive - Cal Poly Pomona/fall 2024/ece 3300L verilog lab/lab_3/lab_3.runs/impl_1/calc_7seg_placed.dcp' has been generated.
Command: phys_opt_design
Attempting to get a license for feature 'Implementation' and/or device 'xc7a100t'
INFO: [Common 17-349] Got license for feature 'Implementation' and/or device 'xc7a100t'

Starting Initial Update Timing Task
INFO: [Timing 38-35] Done setting XDC timing constraints.

Time (s): cpu = 00:00:00 ; elapsed = 00:00:00.069 . Memory (MB): peak = 1934.547 ; gain = 0.000
INFO: [Vivado_Tcl 4-383] Design worst setup slack (WNS) is greater than or equal to 0.000 ns. Skipping all physical synthesis optimizations.
INFO: [Vivado_Tcl 4-232] No setup violation found. The netlist was not modified.
INFO: [Common 17-83] Releasing license: Implementation
54 Infos, 2 Warnings, 0 Critical Warnings and 0 Errors encountered.
phys_opt_design completed successfully
INFO: [Timing 38-480] Writing timing data to binary archive.
Write ShapeDB Complete: Time (s): cpu = 00:00:00 ; elapsed = 00:00:00.003 . Memory (MB): peak = 1950.043 ; gain = 0.020
Wrote PlaceDB: Time (s): cpu = 00:00:00 ; elapsed = 00:00:00.018 . Memory (MB): peak = 1950.043 ; gain = 0.000
Wrote PulsedLatchDB: Time (s): cpu = 00:00:00 ; elapsed = 00:00:00 . Memory (MB): peak = 1950.043 ; gain = 0.000
Writing XDEF routing.
Writing XDEF routing logical nets.
Writing XDEF routing special nets.
Wrote RouteStorage: Time (s): cpu = 00:00:01 ; elapsed = 00:00:00.043 . Memory (MB): peak = 1950.043 ; gain = 0.000
Wrote Netlist Cache: Time (s): cpu = 00:00:00 ; elapsed = 00:00:00.001 . Memory (MB): peak = 1950.043 ; gain = 0.000
Wrote Device Cache: Time (s): cpu = 00:00:00 ; elapsed = 00:00:00.019 . Memory (MB): peak = 1950.043 ; gain = 0.000
Write Physdb Complete: Time (s): cpu = 00:00:01 ; elapsed = 00:00:00.097 . Memory (MB): peak = 1950.043 ; gain = 0.020
INFO: [Common 17-1381] The checkpoint 'C:/Users/kelly/OneDrive - Cal Poly Pomona/fall 2024/ece 3300L verilog lab/lab_3/lab_3.runs/impl_1/calc_7seg_physopt.dcp' has been generated.
Command: route_design
Attempting to get a license for feature 'Implementation' and/or device 'xc7a100t'
INFO: [Common 17-349] Got license for feature 'Implementation' and/or device 'xc7a100t'
Running DRC as a precondition to command route_design
INFO: [DRC 23-27] Running DRC with 2 threads
INFO: [Vivado_Tcl 4-198] DRC finished with 0 Errors
INFO: [Vivado_Tcl 4-199] Please refer to the DRC report (report_drc) for more information.


Starting Routing Task
INFO: [Route 35-254] Multithreading enabled for route_design using a maximum of 8 CPUs

Phase 1 Build RT Design
Checksum: PlaceDB: 43ab2b73 ConstDB: 0 ShapeSum: 96e94b69 RouteDB: 0
Post Restoration Checksum: NetGraph: 2bf1f37f | NumContArr: 33900179 | Constraints: c2a8fa9d | Timing: c2a8fa9d
Phase 1 Build RT Design | Checksum: 1e4d3ea32

Time (s): cpu = 00:00:43 ; elapsed = 00:00:51 . Memory (MB): peak = 2092.512 ; gain = 133.332

Phase 2 Router Initialization

Phase 2.1 Fix Topology Constraints
Phase 2.1 Fix Topology Constraints | Checksum: 1e4d3ea32

Time (s): cpu = 00:00:43 ; elapsed = 00:00:51 . Memory (MB): peak = 2092.512 ; gain = 133.332

Phase 2.2 Pre Route Cleanup
Phase 2.2 Pre Route Cleanup | Checksum: 1e4d3ea32

Time (s): cpu = 00:00:43 ; elapsed = 00:00:51 . Memory (MB): peak = 2092.512 ; gain = 133.332
 Number of Nodes with overlaps = 0

Phase 2.3 Update Timing
Phase 2.3 Update Timing | Checksum: 1cecd1401

Time (s): cpu = 00:00:44 ; elapsed = 00:00:51 . Memory (MB): peak = 2162.156 ; gain = 202.977
INFO: [Route 35-416] Intermediate Timing Summary | WNS=7.738  | TNS=0.000  | WHS=0.003  | THS=0.000  |


Router Utilization Summary
  Global Vertical Routing Utilization    = 0 %
  Global Horizontal Routing Utilization  = 0 %
  Routable Net Status*
  *Does not include unroutable nets such as driverless and loadless.
  Run report_route_status for detailed report.
  Number of Failed Nets               = 97
    (Failed Nets is the sum of unrouted and partially routed nets)
  Number of Unrouted Nets             = 97
  Number of Partially Routed Nets     = 0
  Number of Node Overlaps             = 0

Phase 2 Router Initialization | Checksum: 1ee2a538e

Time (s): cpu = 00:00:44 ; elapsed = 00:00:52 . Memory (MB): peak = 2172.227 ; gain = 213.047

Phase 3 Initial Routing

Phase 3.1 Global Routing
Phase 3.1 Global Routing | Checksum: 1ee2a538e

Time (s): cpu = 00:00:44 ; elapsed = 00:00:52 . Memory (MB): peak = 2172.227 ; gain = 213.047

Phase 3.2 Initial Net Routing
Phase 3.2 Initial Net Routing | Checksum: 2609d4a7f

Time (s): cpu = 00:00:44 ; elapsed = 00:00:52 . Memory (MB): peak = 2172.227 ; gain = 213.047
Phase 3 Initial Routing | Checksum: 2609d4a7f

Time (s): cpu = 00:00:44 ; elapsed = 00:00:52 . Memory (MB): peak = 2172.227 ; gain = 213.047

Phase 4 Rip-up And Reroute

Phase 4.1 Global Iteration 0
 Number of Nodes with overlaps = 3
 Number of Nodes with overlaps = 0
INFO: [Route 35-416] Intermediate Timing Summary | WNS=7.454  | TNS=0.000  | WHS=N/A    | THS=N/A    |

Phase 4.1 Global Iteration 0 | Checksum: 29041fc82

Time (s): cpu = 00:00:44 ; elapsed = 00:00:52 . Memory (MB): peak = 2172.227 ; gain = 213.047
Phase 4 Rip-up And Reroute | Checksum: 29041fc82

Time (s): cpu = 00:00:44 ; elapsed = 00:00:52 . Memory (MB): peak = 2172.227 ; gain = 213.047

Phase 5 Delay and Skew Optimization

Phase 5.1 Delay CleanUp
Phase 5.1 Delay CleanUp | Checksum: 29041fc82

Time (s): cpu = 00:00:44 ; elapsed = 00:00:52 . Memory (MB): peak = 2172.227 ; gain = 213.047

Phase 5.2 Clock Skew Optimization
Phase 5.2 Clock Skew Optimization | Checksum: 29041fc82

Time (s): cpu = 00:00:44 ; elapsed = 00:00:52 . Memory (MB): peak = 2172.227 ; gain = 213.047
Phase 5 Delay and Skew Optimization | Checksum: 29041fc82

Time (s): cpu = 00:00:44 ; elapsed = 00:00:52 . Memory (MB): peak = 2172.227 ; gain = 213.047

Phase 6 Post Hold Fix

Phase 6.1 Hold Fix Iter

Phase 6.1.1 Update Timing
Phase 6.1.1 Update Timing | Checksum: 1ea5ae4b4

Time (s): cpu = 00:00:44 ; elapsed = 00:00:52 . Memory (MB): peak = 2172.227 ; gain = 213.047
INFO: [Route 35-416] Intermediate Timing Summary | WNS=7.549  | TNS=0.000  | WHS=0.310  | THS=0.000  |

Phase 6.1 Hold Fix Iter | Checksum: 1ea5ae4b4

Time (s): cpu = 00:00:44 ; elapsed = 00:00:52 . Memory (MB): peak = 2172.227 ; gain = 213.047
Phase 6 Post Hold Fix | Checksum: 1ea5ae4b4

Time (s): cpu = 00:00:44 ; elapsed = 00:00:52 . Memory (MB): peak = 2172.227 ; gain = 213.047

Phase 7 Route finalize

Router Utilization Summary
  Global Vertical Routing Utilization    = 0.0265918 %
  Global Horizontal Routing Utilization  = 0.0252913 %
  Routable Net Status*
  *Does not include unroutable nets such as driverless and loadless.
  Run report_route_status for detailed report.
  Number of Failed Nets               = 0
    (Failed Nets is the sum of unrouted and partially routed nets)
  Number of Unrouted Nets             = 0
  Number of Partially Routed Nets     = 0
  Number of Node Overlaps             = 0

Phase 7 Route finalize | Checksum: 1ea5ae4b4

Time (s): cpu = 00:00:44 ; elapsed = 00:00:52 . Memory (MB): peak = 2172.227 ; gain = 213.047

Phase 8 Verifying routed nets

 Verification completed successfully
Phase 8 Verifying routed nets | Checksum: 1ea5ae4b4

Time (s): cpu = 00:00:44 ; elapsed = 00:00:52 . Memory (MB): peak = 2172.227 ; gain = 213.047

Phase 9 Depositing Routes
Phase 9 Depositing Routes | Checksum: 29a0e4122

Time (s): cpu = 00:00:44 ; elapsed = 00:00:52 . Memory (MB): peak = 2172.227 ; gain = 213.047

Phase 10 Post Router Timing
INFO: [Route 35-57] Estimated Timing Summary | WNS=7.549  | TNS=0.000  | WHS=0.310  | THS=0.000  |

INFO: [Route 35-327] The final timing numbers are based on the router estimated timing analysis. For a complete and accurate timing signoff, please run report_timing_summary.
Phase 10 Post Router Timing | Checksum: 29a0e4122

Time (s): cpu = 00:00:44 ; elapsed = 00:00:53 . Memory (MB): peak = 2172.227 ; gain = 213.047
INFO: [Route 35-16] Router Completed Successfully

Phase 11 Post-Route Event Processing
Phase 11 Post-Route Event Processing | Checksum: 1997a624a

Time (s): cpu = 00:00:44 ; elapsed = 00:00:53 . Memory (MB): peak = 2172.227 ; gain = 213.047
Ending Routing Task | Checksum: 1997a624a

Time (s): cpu = 00:00:44 ; elapsed = 00:00:53 . Memory (MB): peak = 2172.227 ; gain = 213.047

Routing Is Done.
INFO: [Common 17-83] Releasing license: Implementation
68 Infos, 2 Warnings, 0 Critical Warnings and 0 Errors encountered.
route_design completed successfully
route_design: Time (s): cpu = 00:00:46 ; elapsed = 00:00:55 . Memory (MB): peak = 2172.227 ; gain = 222.184
INFO: [runtcl-4] Executing : report_drc -file calc_7seg_drc_routed.rpt -pb calc_7seg_drc_routed.pb -rpx calc_7seg_drc_routed.rpx
Command: report_drc -file calc_7seg_drc_routed.rpt -pb calc_7seg_drc_routed.pb -rpx calc_7seg_drc_routed.rpx
INFO: [IP_Flow 19-1839] IP Catalog is up to date.
INFO: [DRC 23-27] Running DRC with 2 threads
INFO: [Vivado_Tcl 2-168] The results of DRC are in file C:/Users/kelly/OneDrive - Cal Poly Pomona/fall 2024/ece 3300L verilog lab/lab_3/lab_3.runs/impl_1/calc_7seg_drc_routed.rpt.
report_drc completed successfully
INFO: [runtcl-4] Executing : report_methodology -file calc_7seg_methodology_drc_routed.rpt -pb calc_7seg_methodology_drc_routed.pb -rpx calc_7seg_methodology_drc_routed.rpx
Command: report_methodology -file calc_7seg_methodology_drc_routed.rpt -pb calc_7seg_methodology_drc_routed.pb -rpx calc_7seg_methodology_drc_routed.rpx
INFO: [Timing 38-35] Done setting XDC timing constraints.
INFO: [DRC 23-133] Running Methodology with 2 threads
INFO: [Vivado_Tcl 2-1520] The results of Report Methodology are in file C:/Users/kelly/OneDrive - Cal Poly Pomona/fall 2024/ece 3300L verilog lab/lab_3/lab_3.runs/impl_1/calc_7seg_methodology_drc_routed.rpt.
report_methodology completed successfully
INFO: [runtcl-4] Executing : report_power -file calc_7seg_power_routed.rpt -pb calc_7seg_power_summary_routed.pb -rpx calc_7seg_power_routed.rpx
Command: report_power -file calc_7seg_power_routed.rpt -pb calc_7seg_power_summary_routed.pb -rpx calc_7seg_power_routed.rpx
INFO: [Timing 38-35] Done setting XDC timing constraints.
Running Vector-less Activity Propagation...

Finished Running Vector-less Activity Propagation
78 Infos, 2 Warnings, 0 Critical Warnings and 0 Errors encountered.
report_power completed successfully
INFO: [runtcl-4] Executing : report_route_status -file calc_7seg_route_status.rpt -pb calc_7seg_route_status.pb
INFO: [runtcl-4] Executing : report_timing_summary -max_paths 10 -report_unconstrained -file calc_7seg_timing_summary_routed.rpt -pb calc_7seg_timing_summary_routed.pb -rpx calc_7seg_timing_summary_routed.rpx -warn_on_violation 
INFO: [Timing 38-91] UpdateTimingParams: Speed grade: -1, Delay Type: min_max.
INFO: [Timing 38-191] Multithreading enabled for timing update using a maximum of 2 CPUs
INFO: [runtcl-4] Executing : report_incremental_reuse -file calc_7seg_incremental_reuse_routed.rpt
INFO: [Vivado_Tcl 4-1062] Incremental flow is disabled. No incremental reuse Info to report.
INFO: [runtcl-4] Executing : report_clock_utilization -file calc_7seg_clock_utilization_routed.rpt
INFO: [runtcl-4] Executing : report_bus_skew -warn_on_violation -file calc_7seg_bus_skew_routed.rpt -pb calc_7seg_bus_skew_routed.pb -rpx calc_7seg_bus_skew_routed.rpx
INFO: [Timing 38-91] UpdateTimingParams: Speed grade: -1, Delay Type: min_max.
INFO: [Timing 38-191] Multithreading enabled for timing update using a maximum of 2 CPUs
INFO: [Timing 38-480] Writing timing data to binary archive.
Write ShapeDB Complete: Time (s): cpu = 00:00:00 ; elapsed = 00:00:00.003 . Memory (MB): peak = 2172.227 ; gain = 0.000
Wrote PlaceDB: Time (s): cpu = 00:00:00 ; elapsed = 00:00:00.019 . Memory (MB): peak = 2172.227 ; gain = 0.000
Wrote PulsedLatchDB: Time (s): cpu = 00:00:00 ; elapsed = 00:00:00.001 . Memory (MB): peak = 2172.227 ; gain = 0.000
Writing XDEF routing.
Writing XDEF routing logical nets.
Writing XDEF routing special nets.
Wrote RouteStorage: Time (s): cpu = 00:00:00 ; elapsed = 00:00:00.044 . Memory (MB): peak = 2172.227 ; gain = 0.000
Wrote Netlist Cache: Time (s): cpu = 00:00:00 ; elapsed = 00:00:00.001 . Memory (MB): peak = 2172.227 ; gain = 0.000
Wrote Device Cache: Time (s): cpu = 00:00:00 ; elapsed = 00:00:00.017 . Memory (MB): peak = 2172.227 ; gain = 0.000
Write Physdb Complete: Time (s): cpu = 00:00:00 ; elapsed = 00:00:00.101 . Memory (MB): peak = 2172.227 ; gain = 0.000
INFO: [Common 17-1381] The checkpoint 'C:/Users/kelly/OneDrive - Cal Poly Pomona/fall 2024/ece 3300L verilog lab/lab_3/lab_3.runs/impl_1/calc_7seg_routed.dcp' has been generated.
Command: write_bitstream -force calc_7seg.bit
Attempting to get a license for feature 'Implementation' and/or device 'xc7a100t'
INFO: [Common 17-349] Got license for feature 'Implementation' and/or device 'xc7a100t'
Running DRC as a precondition to command write_bitstream
INFO: [IP_Flow 19-1839] IP Catalog is up to date.
INFO: [DRC 23-27] Running DRC with 2 threads
WARNING: [DRC CFGBVS-1] Missing CFGBVS and CONFIG_VOLTAGE Design Properties: Neither the CFGBVS nor CONFIG_VOLTAGE voltage property is set in the current_design.  Configuration bank voltage select (CFGBVS) must be set to VCCO or GND, and CONFIG_VOLTAGE must be set to the correct configuration voltage, in order to determine the I/O voltage support for the pins in bank 0.  It is suggested to specify these either using the 'Edit Device Properties' function in the GUI or directly in the XDC file using the following syntax:

 set_property CFGBVS value1 [current_design]
 #where value1 is either VCCO or GND

 set_property CONFIG_VOLTAGE value2 [current_design]
 #where value2 is the voltage provided to configuration bank 0

Refer to the device configuration user guide for more information.
INFO: [Vivado 12-3199] DRC finished with 0 Errors, 1 Warnings
INFO: [Vivado 12-3200] Please refer to the DRC report (report_drc) for more information.
INFO: [Designutils 20-2272] Running write_bitstream with 2 threads.
Loading data files...
Loading site data...
Loading route data...
Processing options...
Creating bitmap...
Creating bitstream...
Writing bitstream ./calc_7seg.bit...
INFO: [Vivado 12-1842] Bitgen Completed Successfully.
INFO: [Project 1-1876] WebTalk data collection is mandatory when using a ULT device. To see the specific WebTalk data collected for your design, open the usage_statistics_webtalk.html or usage_statistics_webtalk.xml file in the implementation directory.
INFO: [Common 17-83] Releasing license: Implementation
14 Infos, 1 Warnings, 0 Critical Warnings and 0 Errors encountered.
write_bitstream completed successfully
write_bitstream: Time (s): cpu = 00:00:16 ; elapsed = 00:00:20 . Memory (MB): peak = 2557.125 ; gain = 384.898
INFO: [Common 17-206] Exiting Vivado at Mon Sep 23 20:30:09 2024...
